13:26:53:607  INFO 43182 --- [main] com.hmall.item.ItemApplication           : Starting ItemApplication using Java 17.0.10 on zhaomengdeMacBook-Pro.local with PID 43182 (/Users/zhaomeng/Downloads/SpringCloud微服务—资料/hmall/item-service/target/classes started by zhaomeng in /Users/zhaomeng/Downloads/SpringCloud微服务—资料/hmall)
13:26:53:610 DEBUG 43182 --- [main] com.hmall.item.ItemApplication           : Running with Spring Boot v2.7.12, Spring v5.3.27
13:26:53:610  INFO 43182 --- [main] com.hmall.item.ItemApplication           : The following 1 profile is active: "local"
13:26:53:979  INFO 43182 --- [main] o.s.cloud.context.scope.GenericScope     : BeanFactory id=9ae41340-7692-3989-b8df-1a8bd6f0a8b0
13:26:54:127  INFO 43182 --- [main] o.s.b.w.embedded.tomcat.TomcatWebServer  : Tomcat initialized with port(s): 8081 (http)
13:26:54:130  INFO 43182 --- [main] o.apache.catalina.core.StandardService   : Starting service [Tomcat]
13:26:54:131  INFO 43182 --- [main] org.apache.catalina.core.StandardEngine  : Starting Servlet engine: [Apache Tomcat/9.0.75]
13:26:54:169  INFO 43182 --- [main] o.a.c.c.C.[Tomcat].[localhost].[/]       : Initializing Spring embedded WebApplicationContext
13:26:54:169  INFO 43182 --- [main] w.s.c.ServletWebServerApplicationContext : Root WebApplicationContext: initialization completed in 538 ms
13:26:54:594  INFO 43182 --- [main] pertySourcedRequestMappingHandlerMapping : Mapped URL path [/v2/api-docs] onto method [springfox.documentation.swagger2.web.Swagger2ControllerWebMvc#getDocumentation(String, HttpServletRequest)]
13:26:54:673  INFO 43182 --- [main] o.s.b.w.embedded.tomcat.TomcatWebServer  : Tomcat started on port(s): 8081 (http) with context path ''
13:26:54:673  INFO 43182 --- [main] o.s.c.c.s.ConsulServiceRegistry          : Registering service with consul: NewService{id='item-service-8081', name='item-service', tags=[], address='10.7.74.120', meta={secure=false}, port=8081, enableTagOverride=null, check=Check{script='null', dockerContainerID='null', shell='null', interval='10s', ttl='null', http='http://10.7.74.120:8081/actuator/health', method='null', header={}, tcp='null', timeout='null', deregisterCriticalServiceAfter='0s', tlsSkipVerify=null, status='null', grpc='null', grpcUseTLS=null}, checks=null}
13:27:01:947  INFO 43182 --- [main] o.apache.http.impl.execchain.RetryExec   : I/O exception (java.net.SocketException) caught when processing request to {}->http://172.16.56.130:8500: Network is unreachable
13:27:01:947  INFO 43182 --- [main] o.apache.http.impl.execchain.RetryExec   : Retrying request to {}->http://172.16.56.130:8500
13:27:04:680 ERROR 43182 --- [catalogWatchTaskScheduler-1] o.s.c.c.discovery.ConsulDiscoveryClient  : Error watching Consul CatalogServices

com.ecwid.consul.transport.TransportException: org.apache.http.conn.ConnectTimeoutException: Connect to 172.16.56.130:8500 [/172.16.56.130] failed: Connect timed out
	at com.ecwid.consul.transport.AbstractHttpTransport.executeRequest(AbstractHttpTransport.java:83) ~[consul-api-1.4.5.jar:na]
	at com.ecwid.consul.transport.AbstractHttpTransport.makeGetRequest(AbstractHttpTransport.java:36) ~[consul-api-1.4.5.jar:na]
	at com.ecwid.consul.v1.ConsulRawClient.makeGetRequest(ConsulRawClient.java:139) ~[consul-api-1.4.5.jar:na]
	at com.ecwid.consul.v1.catalog.CatalogConsulClient.getCatalogServices(CatalogConsulClient.java:143) ~[consul-api-1.4.5.jar:na]
	at com.ecwid.consul.v1.ConsulClient.getCatalogServices(ConsulClient.java:400) ~[consul-api-1.4.5.jar:na]
	at org.springframework.cloud.consul.discovery.ConsulCatalogWatch.catalogServicesWatch(ConsulCatalogWatch.java:130) ~[spring-cloud-consul-discovery-3.1.1.jar:3.1.1]
	at org.springframework.scheduling.support.DelegatingErrorHandlingRunnable.run(DelegatingErrorHandlingRunnable.java:54) ~[spring-context-5.3.27.jar:5.3.27]
	at java.base/java.util.concurrent.Executors$RunnableAdapter.call(Executors.java:539) ~[na:na]
	at java.base/java.util.concurrent.FutureTask.runAndReset(FutureTask.java:305) ~[na:na]
	at java.base/java.util.concurrent.ScheduledThreadPoolExecutor$ScheduledFutureTask.run(ScheduledThreadPoolExecutor.java:305) ~[na:na]
	at java.base/java.util.concurrent.ThreadPoolExecutor.runWorker(ThreadPoolExecutor.java:1136) ~[na:na]
	at java.base/java.util.concurrent.ThreadPoolExecutor$Worker.run(ThreadPoolExecutor.java:635) ~[na:na]
	at java.base/java.lang.Thread.run(Thread.java:842) ~[na:na]
Caused by: org.apache.http.conn.ConnectTimeoutException: Connect to 172.16.56.130:8500 [/172.16.56.130] failed: Connect timed out
	at org.apache.http.impl.conn.DefaultHttpClientConnectionOperator.connect(DefaultHttpClientConnectionOperator.java:151) ~[httpclient-4.5.14.jar:4.5.14]
	at org.apache.http.impl.conn.PoolingHttpClientConnectionManager.connect(PoolingHttpClientConnectionManager.java:376) ~[httpclient-4.5.14.jar:4.5.14]
	at org.apache.http.impl.execchain.MainClientExec.establishRoute(MainClientExec.java:393) ~[httpclient-4.5.14.jar:4.5.14]
	at org.apache.http.impl.execchain.MainClientExec.execute(MainClientExec.java:236) ~[httpclient-4.5.14.jar:4.5.14]
	at org.apache.http.impl.execchain.ProtocolExec.execute(ProtocolExec.java:186) ~[httpclient-4.5.14.jar:4.5.14]
	at org.apache.http.impl.execchain.RetryExec.execute(RetryExec.java:89) ~[httpclient-4.5.14.jar:4.5.14]
	at org.apache.http.impl.execchain.RedirectExec.execute(RedirectExec.java:110) ~[httpclient-4.5.14.jar:4.5.14]
	at org.apache.http.impl.client.InternalHttpClient.doExecute(InternalHttpClient.java:185) ~[httpclient-4.5.14.jar:4.5.14]
	at org.apache.http.impl.client.CloseableHttpClient.execute(CloseableHttpClient.java:72) ~[httpclient-4.5.14.jar:4.5.14]
	at org.apache.http.impl.client.CloseableHttpClient.execute(CloseableHttpClient.java:221) ~[httpclient-4.5.14.jar:4.5.14]
	at org.apache.http.impl.client.CloseableHttpClient.execute(CloseableHttpClient.java:165) ~[httpclient-4.5.14.jar:4.5.14]
	at org.apache.http.impl.client.CloseableHttpClient.execute(CloseableHttpClient.java:140) ~[httpclient-4.5.14.jar:4.5.14]
	at com.ecwid.consul.transport.AbstractHttpTransport.executeRequest(AbstractHttpTransport.java:70) ~[consul-api-1.4.5.jar:na]
	... 12 common frames omitted
Caused by: java.net.SocketTimeoutException: Connect timed out
	at java.base/sun.nio.ch.NioSocketImpl.timedFinishConnect(NioSocketImpl.java:551) ~[na:na]
	at java.base/sun.nio.ch.NioSocketImpl.connect(NioSocketImpl.java:602) ~[na:na]
	at java.base/java.net.SocksSocketImpl.connect(SocksSocketImpl.java:327) ~[na:na]
	at java.base/java.net.Socket.connect(Socket.java:633) ~[na:na]
	at org.apache.http.conn.socket.PlainConnectionSocketFactory.connectSocket(PlainConnectionSocketFactory.java:75) ~[httpclient-4.5.14.jar:4.5.14]
	at org.apache.http.impl.conn.DefaultHttpClientConnectionOperator.connect(DefaultHttpClientConnectionOperator.java:142) ~[httpclient-4.5.14.jar:4.5.14]
	... 24 common frames omitted

13:27:11:951 ERROR 43182 --- [main] o.s.c.c.s.ConsulServiceRegistry          : Error registering service with consul: NewService{id='item-service-8081', name='item-service', tags=[], address='10.7.74.120', meta={secure=false}, port=8081, enableTagOverride=null, check=Check{script='null', dockerContainerID='null', shell='null', interval='10s', ttl='null', http='http://10.7.74.120:8081/actuator/health', method='null', header={}, tcp='null', timeout='null', deregisterCriticalServiceAfter='0s', tlsSkipVerify=null, status='null', grpc='null', grpcUseTLS=null}, checks=null}

com.ecwid.consul.transport.TransportException: org.apache.http.conn.ConnectTimeoutException: Connect to 172.16.56.130:8500 [/172.16.56.130] failed: Connect timed out
	at com.ecwid.consul.transport.AbstractHttpTransport.executeRequest(AbstractHttpTransport.java:83) ~[consul-api-1.4.5.jar:na]
	at com.ecwid.consul.transport.AbstractHttpTransport.makePutRequest(AbstractHttpTransport.java:49) ~[consul-api-1.4.5.jar:na]
	at com.ecwid.consul.v1.ConsulRawClient.makePutRequest(ConsulRawClient.java:163) ~[consul-api-1.4.5.jar:na]
	at com.ecwid.consul.v1.agent.AgentConsulClient.agentServiceRegister(AgentConsulClient.java:273) ~[consul-api-1.4.5.jar:na]
	at com.ecwid.consul.v1.ConsulClient.agentServiceRegister(ConsulClient.java:310) ~[consul-api-1.4.5.jar:na]
	at org.springframework.cloud.consul.serviceregistry.ConsulServiceRegistry.register(ConsulServiceRegistry.java:67) ~[spring-cloud-consul-discovery-3.1.1.jar:3.1.1]
	at org.springframework.cloud.consul.serviceregistry.ConsulServiceRegistry.register(ConsulServiceRegistry.java:43) ~[spring-cloud-consul-discovery-3.1.1.jar:3.1.1]
	at org.springframework.cloud.client.serviceregistry.AbstractAutoServiceRegistration.register(AbstractAutoServiceRegistration.java:232) ~[spring-cloud-commons-3.1.3.jar:3.1.3]
	at org.springframework.cloud.consul.serviceregistry.ConsulAutoServiceRegistration.register(ConsulAutoServiceRegistration.java:80) ~[spring-cloud-consul-discovery-3.1.1.jar:3.1.1]
	at org.springframework.cloud.client.serviceregistry.AbstractAutoServiceRegistration.start(AbstractAutoServiceRegistration.java:133) ~[spring-cloud-commons-3.1.3.jar:3.1.3]
	at org.springframework.cloud.consul.serviceregistry.ConsulAutoServiceRegistration.start(ConsulAutoServiceRegistration.java:70) ~[spring-cloud-consul-discovery-3.1.1.jar:3.1.1]
	at org.springframework.cloud.consul.serviceregistry.ConsulAutoServiceRegistrationListener.onApplicationEvent(ConsulAutoServiceRegistrationListener.java:60) ~[spring-cloud-consul-discovery-3.1.1.jar:3.1.1]
	at org.springframework.context.event.SimpleApplicationEventMulticaster.doInvokeListener(SimpleApplicationEventMulticaster.java:176) ~[spring-context-5.3.27.jar:5.3.27]
	at org.springframework.context.event.SimpleApplicationEventMulticaster.invokeListener(SimpleApplicationEventMulticaster.java:169) ~[spring-context-5.3.27.jar:5.3.27]
	at org.springframework.context.event.SimpleApplicationEventMulticaster.multicastEvent(SimpleApplicationEventMulticaster.java:143) ~[spring-context-5.3.27.jar:5.3.27]
	at org.springframework.context.support.AbstractApplicationContext.publishEvent(AbstractApplicationContext.java:421) ~[spring-context-5.3.27.jar:5.3.27]
	at org.springframework.context.support.AbstractApplicationContext.publishEvent(AbstractApplicationContext.java:378) ~[spring-context-5.3.27.jar:5.3.27]
	at org.springframework.boot.web.servlet.context.WebServerStartStopLifecycle.start(WebServerStartStopLifecycle.java:46) ~[spring-boot-2.7.12.jar:2.7.12]
	at org.springframework.context.support.DefaultLifecycleProcessor.doStart(DefaultLifecycleProcessor.java:178) ~[spring-context-5.3.27.jar:5.3.27]
	at org.springframework.context.support.DefaultLifecycleProcessor.access$200(DefaultLifecycleProcessor.java:54) ~[spring-context-5.3.27.jar:5.3.27]
	at org.springframework.context.support.DefaultLifecycleProcessor$LifecycleGroup.start(DefaultLifecycleProcessor.java:356) ~[spring-context-5.3.27.jar:5.3.27]
	at java.base/java.lang.Iterable.forEach(Iterable.java:75) ~[na:na]
	at org.springframework.context.support.DefaultLifecycleProcessor.startBeans(DefaultLifecycleProcessor.java:155) ~[spring-context-5.3.27.jar:5.3.27]
	at org.springframework.context.support.DefaultLifecycleProcessor.onRefresh(DefaultLifecycleProcessor.java:123) ~[spring-context-5.3.27.jar:5.3.27]
	at org.springframework.context.support.AbstractApplicationContext.finishRefresh(AbstractApplicationContext.java:937) ~[spring-context-5.3.27.jar:5.3.27]
	at org.springframework.context.support.AbstractApplicationContext.refresh(AbstractApplicationContext.java:586) ~[spring-context-5.3.27.jar:5.3.27]
	at org.springframework.boot.web.servlet.context.ServletWebServerApplicationContext.refresh(ServletWebServerApplicationContext.java:147) ~[spring-boot-2.7.12.jar:2.7.12]
	at org.springframework.boot.SpringApplication.refresh(SpringApplication.java:731) ~[spring-boot-2.7.12.jar:2.7.12]
	at org.springframework.boot.SpringApplication.refreshContext(SpringApplication.java:408) ~[spring-boot-2.7.12.jar:2.7.12]
	at org.springframework.boot.SpringApplication.run(SpringApplication.java:307) ~[spring-boot-2.7.12.jar:2.7.12]
	at org.springframework.boot.SpringApplication.run(SpringApplication.java:1303) ~[spring-boot-2.7.12.jar:2.7.12]
	at org.springframework.boot.SpringApplication.run(SpringApplication.java:1292) ~[spring-boot-2.7.12.jar:2.7.12]
	at com.hmall.item.ItemApplication.main(ItemApplication.java:11) ~[classes/:na]
Caused by: org.apache.http.conn.ConnectTimeoutException: Connect to 172.16.56.130:8500 [/172.16.56.130] failed: Connect timed out
	at org.apache.http.impl.conn.DefaultHttpClientConnectionOperator.connect(DefaultHttpClientConnectionOperator.java:151) ~[httpclient-4.5.14.jar:4.5.14]
	at org.apache.http.impl.conn.PoolingHttpClientConnectionManager.connect(PoolingHttpClientConnectionManager.java:376) ~[httpclient-4.5.14.jar:4.5.14]
	at org.apache.http.impl.execchain.MainClientExec.establishRoute(MainClientExec.java:393) ~[httpclient-4.5.14.jar:4.5.14]
	at org.apache.http.impl.execchain.MainClientExec.execute(MainClientExec.java:236) ~[httpclient-4.5.14.jar:4.5.14]
	at org.apache.http.impl.execchain.ProtocolExec.execute(ProtocolExec.java:186) ~[httpclient-4.5.14.jar:4.5.14]
	at org.apache.http.impl.execchain.RetryExec.execute(RetryExec.java:89) ~[httpclient-4.5.14.jar:4.5.14]
	at org.apache.http.impl.execchain.RedirectExec.execute(RedirectExec.java:110) ~[httpclient-4.5.14.jar:4.5.14]
	at org.apache.http.impl.client.InternalHttpClient.doExecute(InternalHttpClient.java:185) ~[httpclient-4.5.14.jar:4.5.14]
	at org.apache.http.impl.client.CloseableHttpClient.execute(CloseableHttpClient.java:72) ~[httpclient-4.5.14.jar:4.5.14]
	at org.apache.http.impl.client.CloseableHttpClient.execute(CloseableHttpClient.java:221) ~[httpclient-4.5.14.jar:4.5.14]
	at org.apache.http.impl.client.CloseableHttpClient.execute(CloseableHttpClient.java:165) ~[httpclient-4.5.14.jar:4.5.14]
	at org.apache.http.impl.client.CloseableHttpClient.execute(CloseableHttpClient.java:140) ~[httpclient-4.5.14.jar:4.5.14]
	at com.ecwid.consul.transport.AbstractHttpTransport.executeRequest(AbstractHttpTransport.java:70) ~[consul-api-1.4.5.jar:na]
	... 32 common frames omitted
Caused by: java.net.SocketTimeoutException: Connect timed out
	at java.base/sun.nio.ch.NioSocketImpl.timedFinishConnect(NioSocketImpl.java:551) ~[na:na]
	at java.base/sun.nio.ch.NioSocketImpl.connect(NioSocketImpl.java:602) ~[na:na]
	at java.base/java.net.SocksSocketImpl.connect(SocksSocketImpl.java:327) ~[na:na]
	at java.base/java.net.Socket.connect(Socket.java:633) ~[na:na]
	at org.apache.http.conn.socket.PlainConnectionSocketFactory.connectSocket(PlainConnectionSocketFactory.java:75) ~[httpclient-4.5.14.jar:4.5.14]
	at org.apache.http.impl.conn.DefaultHttpClientConnectionOperator.connect(DefaultHttpClientConnectionOperator.java:142) ~[httpclient-4.5.14.jar:4.5.14]
	... 44 common frames omitted

13:27:11:953  WARN 43182 --- [main] ConfigServletWebServerApplicationContext : Exception encountered during context initialization - cancelling refresh attempt: org.springframework.context.ApplicationContextException: Failed to start bean 'webServerStartStop'; nested exception is com.ecwid.consul.transport.TransportException: org.apache.http.conn.ConnectTimeoutException: Connect to 172.16.56.130:8500 [/172.16.56.130] failed: Connect timed out
13:35:23:136  INFO 43378 --- [main] com.hmall.item.ItemApplication           : Starting ItemApplication using Java 17.0.10 on zhaomengdeMacBook-Pro.local with PID 43378 (/Users/zhaomeng/Downloads/SpringCloud微服务—资料/hmall/item-service/target/classes started by zhaomeng in /Users/zhaomeng/Downloads/SpringCloud微服务—资料/hmall)
13:35:23:137 DEBUG 43378 --- [main] com.hmall.item.ItemApplication           : Running with Spring Boot v2.7.12, Spring v5.3.27
13:35:23:138  INFO 43378 --- [main] com.hmall.item.ItemApplication           : The following 1 profile is active: "local"
13:35:23:489  INFO 43378 --- [main] o.s.cloud.context.scope.GenericScope     : BeanFactory id=9ae41340-7692-3989-b8df-1a8bd6f0a8b0
13:35:23:635  INFO 43378 --- [main] o.s.b.w.embedded.tomcat.TomcatWebServer  : Tomcat initialized with port(s): 8081 (http)
13:35:23:638  INFO 43378 --- [main] o.apache.catalina.core.StandardService   : Starting service [Tomcat]
13:35:23:638  INFO 43378 --- [main] org.apache.catalina.core.StandardEngine  : Starting Servlet engine: [Apache Tomcat/9.0.75]
13:35:23:680  INFO 43378 --- [main] o.a.c.c.C.[Tomcat].[localhost].[/]       : Initializing Spring embedded WebApplicationContext
13:35:23:680  INFO 43378 --- [main] w.s.c.ServletWebServerApplicationContext : Root WebApplicationContext: initialization completed in 523 ms
13:35:24:079  INFO 43378 --- [main] pertySourcedRequestMappingHandlerMapping : Mapped URL path [/v2/api-docs] onto method [springfox.documentation.swagger2.web.Swagger2ControllerWebMvc#getDocumentation(String, HttpServletRequest)]
13:35:24:174  INFO 43378 --- [main] o.s.b.w.embedded.tomcat.TomcatWebServer  : Tomcat started on port(s): 8081 (http) with context path ''
13:35:24:175  INFO 43378 --- [main] o.s.c.c.s.ConsulServiceRegistry          : Registering service with consul: NewService{id='item-service-8081', name='item-service', tags=[], address='10.7.74.120', meta={secure=false}, port=8081, enableTagOverride=null, check=Check{script='null', dockerContainerID='null', shell='null', interval='10s', ttl='null', http='http://10.7.74.120:8081/actuator/health', method='null', header={}, tcp='null', timeout='null', deregisterCriticalServiceAfter='0s', tlsSkipVerify=null, status='null', grpc='null', grpcUseTLS=null}, checks=null}
13:35:31:190  INFO 43378 --- [main] o.apache.http.impl.execchain.RetryExec   : I/O exception (java.net.SocketException) caught when processing request to {}->http://172.16.56.130:8500: Network is unreachable
13:35:31:191  INFO 43378 --- [main] o.apache.http.impl.execchain.RetryExec   : Retrying request to {}->http://172.16.56.130:8500
13:35:34:183 ERROR 43378 --- [catalogWatchTaskScheduler-1] o.s.c.c.discovery.ConsulDiscoveryClient  : Error watching Consul CatalogServices

com.ecwid.consul.transport.TransportException: org.apache.http.conn.ConnectTimeoutException: Connect to 172.16.56.130:8500 [/172.16.56.130] failed: Connect timed out
	at com.ecwid.consul.transport.AbstractHttpTransport.executeRequest(AbstractHttpTransport.java:83) ~[consul-api-1.4.5.jar:na]
	at com.ecwid.consul.transport.AbstractHttpTransport.makeGetRequest(AbstractHttpTransport.java:36) ~[consul-api-1.4.5.jar:na]
	at com.ecwid.consul.v1.ConsulRawClient.makeGetRequest(ConsulRawClient.java:139) ~[consul-api-1.4.5.jar:na]
	at com.ecwid.consul.v1.catalog.CatalogConsulClient.getCatalogServices(CatalogConsulClient.java:143) ~[consul-api-1.4.5.jar:na]
	at com.ecwid.consul.v1.ConsulClient.getCatalogServices(ConsulClient.java:400) ~[consul-api-1.4.5.jar:na]
	at org.springframework.cloud.consul.discovery.ConsulCatalogWatch.catalogServicesWatch(ConsulCatalogWatch.java:130) ~[spring-cloud-consul-discovery-3.1.1.jar:3.1.1]
	at org.springframework.scheduling.support.DelegatingErrorHandlingRunnable.run(DelegatingErrorHandlingRunnable.java:54) ~[spring-context-5.3.27.jar:5.3.27]
	at java.base/java.util.concurrent.Executors$RunnableAdapter.call(Executors.java:539) ~[na:na]
	at java.base/java.util.concurrent.FutureTask.runAndReset(FutureTask.java:305) ~[na:na]
	at java.base/java.util.concurrent.ScheduledThreadPoolExecutor$ScheduledFutureTask.run(ScheduledThreadPoolExecutor.java:305) ~[na:na]
	at java.base/java.util.concurrent.ThreadPoolExecutor.runWorker(ThreadPoolExecutor.java:1136) ~[na:na]
	at java.base/java.util.concurrent.ThreadPoolExecutor$Worker.run(ThreadPoolExecutor.java:635) ~[na:na]
	at java.base/java.lang.Thread.run(Thread.java:842) ~[na:na]
Caused by: org.apache.http.conn.ConnectTimeoutException: Connect to 172.16.56.130:8500 [/172.16.56.130] failed: Connect timed out
	at org.apache.http.impl.conn.DefaultHttpClientConnectionOperator.connect(DefaultHttpClientConnectionOperator.java:151) ~[httpclient-4.5.14.jar:4.5.14]
	at org.apache.http.impl.conn.PoolingHttpClientConnectionManager.connect(PoolingHttpClientConnectionManager.java:376) ~[httpclient-4.5.14.jar:4.5.14]
	at org.apache.http.impl.execchain.MainClientExec.establishRoute(MainClientExec.java:393) ~[httpclient-4.5.14.jar:4.5.14]
	at org.apache.http.impl.execchain.MainClientExec.execute(MainClientExec.java:236) ~[httpclient-4.5.14.jar:4.5.14]
	at org.apache.http.impl.execchain.ProtocolExec.execute(ProtocolExec.java:186) ~[httpclient-4.5.14.jar:4.5.14]
	at org.apache.http.impl.execchain.RetryExec.execute(RetryExec.java:89) ~[httpclient-4.5.14.jar:4.5.14]
	at org.apache.http.impl.execchain.RedirectExec.execute(RedirectExec.java:110) ~[httpclient-4.5.14.jar:4.5.14]
	at org.apache.http.impl.client.InternalHttpClient.doExecute(InternalHttpClient.java:185) ~[httpclient-4.5.14.jar:4.5.14]
	at org.apache.http.impl.client.CloseableHttpClient.execute(CloseableHttpClient.java:72) ~[httpclient-4.5.14.jar:4.5.14]
	at org.apache.http.impl.client.CloseableHttpClient.execute(CloseableHttpClient.java:221) ~[httpclient-4.5.14.jar:4.5.14]
	at org.apache.http.impl.client.CloseableHttpClient.execute(CloseableHttpClient.java:165) ~[httpclient-4.5.14.jar:4.5.14]
	at org.apache.http.impl.client.CloseableHttpClient.execute(CloseableHttpClient.java:140) ~[httpclient-4.5.14.jar:4.5.14]
	at com.ecwid.consul.transport.AbstractHttpTransport.executeRequest(AbstractHttpTransport.java:70) ~[consul-api-1.4.5.jar:na]
	... 12 common frames omitted
Caused by: java.net.SocketTimeoutException: Connect timed out
	at java.base/sun.nio.ch.NioSocketImpl.timedFinishConnect(NioSocketImpl.java:551) ~[na:na]
	at java.base/sun.nio.ch.NioSocketImpl.connect(NioSocketImpl.java:602) ~[na:na]
	at java.base/java.net.SocksSocketImpl.connect(SocksSocketImpl.java:327) ~[na:na]
	at java.base/java.net.Socket.connect(Socket.java:633) ~[na:na]
	at org.apache.http.conn.socket.PlainConnectionSocketFactory.connectSocket(PlainConnectionSocketFactory.java:75) ~[httpclient-4.5.14.jar:4.5.14]
	at org.apache.http.impl.conn.DefaultHttpClientConnectionOperator.connect(DefaultHttpClientConnectionOperator.java:142) ~[httpclient-4.5.14.jar:4.5.14]
	... 24 common frames omitted

13:35:41:193 ERROR 43378 --- [main] o.s.c.c.s.ConsulServiceRegistry          : Error registering service with consul: NewService{id='item-service-8081', name='item-service', tags=[], address='10.7.74.120', meta={secure=false}, port=8081, enableTagOverride=null, check=Check{script='null', dockerContainerID='null', shell='null', interval='10s', ttl='null', http='http://10.7.74.120:8081/actuator/health', method='null', header={}, tcp='null', timeout='null', deregisterCriticalServiceAfter='0s', tlsSkipVerify=null, status='null', grpc='null', grpcUseTLS=null}, checks=null}

com.ecwid.consul.transport.TransportException: org.apache.http.conn.ConnectTimeoutException: Connect to 172.16.56.130:8500 [/172.16.56.130] failed: Connect timed out
	at com.ecwid.consul.transport.AbstractHttpTransport.executeRequest(AbstractHttpTransport.java:83) ~[consul-api-1.4.5.jar:na]
	at com.ecwid.consul.transport.AbstractHttpTransport.makePutRequest(AbstractHttpTransport.java:49) ~[consul-api-1.4.5.jar:na]
	at com.ecwid.consul.v1.ConsulRawClient.makePutRequest(ConsulRawClient.java:163) ~[consul-api-1.4.5.jar:na]
	at com.ecwid.consul.v1.agent.AgentConsulClient.agentServiceRegister(AgentConsulClient.java:273) ~[consul-api-1.4.5.jar:na]
	at com.ecwid.consul.v1.ConsulClient.agentServiceRegister(ConsulClient.java:310) ~[consul-api-1.4.5.jar:na]
	at org.springframework.cloud.consul.serviceregistry.ConsulServiceRegistry.register(ConsulServiceRegistry.java:67) ~[spring-cloud-consul-discovery-3.1.1.jar:3.1.1]
	at org.springframework.cloud.consul.serviceregistry.ConsulServiceRegistry.register(ConsulServiceRegistry.java:43) ~[spring-cloud-consul-discovery-3.1.1.jar:3.1.1]
	at org.springframework.cloud.client.serviceregistry.AbstractAutoServiceRegistration.register(AbstractAutoServiceRegistration.java:232) ~[spring-cloud-commons-3.1.3.jar:3.1.3]
	at org.springframework.cloud.consul.serviceregistry.ConsulAutoServiceRegistration.register(ConsulAutoServiceRegistration.java:80) ~[spring-cloud-consul-discovery-3.1.1.jar:3.1.1]
	at org.springframework.cloud.client.serviceregistry.AbstractAutoServiceRegistration.start(AbstractAutoServiceRegistration.java:133) ~[spring-cloud-commons-3.1.3.jar:3.1.3]
	at org.springframework.cloud.consul.serviceregistry.ConsulAutoServiceRegistration.start(ConsulAutoServiceRegistration.java:70) ~[spring-cloud-consul-discovery-3.1.1.jar:3.1.1]
	at org.springframework.cloud.consul.serviceregistry.ConsulAutoServiceRegistrationListener.onApplicationEvent(ConsulAutoServiceRegistrationListener.java:60) ~[spring-cloud-consul-discovery-3.1.1.jar:3.1.1]
	at org.springframework.context.event.SimpleApplicationEventMulticaster.doInvokeListener(SimpleApplicationEventMulticaster.java:176) ~[spring-context-5.3.27.jar:5.3.27]
	at org.springframework.context.event.SimpleApplicationEventMulticaster.invokeListener(SimpleApplicationEventMulticaster.java:169) ~[spring-context-5.3.27.jar:5.3.27]
	at org.springframework.context.event.SimpleApplicationEventMulticaster.multicastEvent(SimpleApplicationEventMulticaster.java:143) ~[spring-context-5.3.27.jar:5.3.27]
	at org.springframework.context.support.AbstractApplicationContext.publishEvent(AbstractApplicationContext.java:421) ~[spring-context-5.3.27.jar:5.3.27]
	at org.springframework.context.support.AbstractApplicationContext.publishEvent(AbstractApplicationContext.java:378) ~[spring-context-5.3.27.jar:5.3.27]
	at org.springframework.boot.web.servlet.context.WebServerStartStopLifecycle.start(WebServerStartStopLifecycle.java:46) ~[spring-boot-2.7.12.jar:2.7.12]
	at org.springframework.context.support.DefaultLifecycleProcessor.doStart(DefaultLifecycleProcessor.java:178) ~[spring-context-5.3.27.jar:5.3.27]
	at org.springframework.context.support.DefaultLifecycleProcessor.access$200(DefaultLifecycleProcessor.java:54) ~[spring-context-5.3.27.jar:5.3.27]
	at org.springframework.context.support.DefaultLifecycleProcessor$LifecycleGroup.start(DefaultLifecycleProcessor.java:356) ~[spring-context-5.3.27.jar:5.3.27]
	at java.base/java.lang.Iterable.forEach(Iterable.java:75) ~[na:na]
	at org.springframework.context.support.DefaultLifecycleProcessor.startBeans(DefaultLifecycleProcessor.java:155) ~[spring-context-5.3.27.jar:5.3.27]
	at org.springframework.context.support.DefaultLifecycleProcessor.onRefresh(DefaultLifecycleProcessor.java:123) ~[spring-context-5.3.27.jar:5.3.27]
	at org.springframework.context.support.AbstractApplicationContext.finishRefresh(AbstractApplicationContext.java:937) ~[spring-context-5.3.27.jar:5.3.27]
	at org.springframework.context.support.AbstractApplicationContext.refresh(AbstractApplicationContext.java:586) ~[spring-context-5.3.27.jar:5.3.27]
	at org.springframework.boot.web.servlet.context.ServletWebServerApplicationContext.refresh(ServletWebServerApplicationContext.java:147) ~[spring-boot-2.7.12.jar:2.7.12]
	at org.springframework.boot.SpringApplication.refresh(SpringApplication.java:731) ~[spring-boot-2.7.12.jar:2.7.12]
	at org.springframework.boot.SpringApplication.refreshContext(SpringApplication.java:408) ~[spring-boot-2.7.12.jar:2.7.12]
	at org.springframework.boot.SpringApplication.run(SpringApplication.java:307) ~[spring-boot-2.7.12.jar:2.7.12]
	at org.springframework.boot.SpringApplication.run(SpringApplication.java:1303) ~[spring-boot-2.7.12.jar:2.7.12]
	at org.springframework.boot.SpringApplication.run(SpringApplication.java:1292) ~[spring-boot-2.7.12.jar:2.7.12]
	at com.hmall.item.ItemApplication.main(ItemApplication.java:11) ~[classes/:na]
Caused by: org.apache.http.conn.ConnectTimeoutException: Connect to 172.16.56.130:8500 [/172.16.56.130] failed: Connect timed out
	at org.apache.http.impl.conn.DefaultHttpClientConnectionOperator.connect(DefaultHttpClientConnectionOperator.java:151) ~[httpclient-4.5.14.jar:4.5.14]
	at org.apache.http.impl.conn.PoolingHttpClientConnectionManager.connect(PoolingHttpClientConnectionManager.java:376) ~[httpclient-4.5.14.jar:4.5.14]
	at org.apache.http.impl.execchain.MainClientExec.establishRoute(MainClientExec.java:393) ~[httpclient-4.5.14.jar:4.5.14]
	at org.apache.http.impl.execchain.MainClientExec.execute(MainClientExec.java:236) ~[httpclient-4.5.14.jar:4.5.14]
	at org.apache.http.impl.execchain.ProtocolExec.execute(ProtocolExec.java:186) ~[httpclient-4.5.14.jar:4.5.14]
	at org.apache.http.impl.execchain.RetryExec.execute(RetryExec.java:89) ~[httpclient-4.5.14.jar:4.5.14]
	at org.apache.http.impl.execchain.RedirectExec.execute(RedirectExec.java:110) ~[httpclient-4.5.14.jar:4.5.14]
	at org.apache.http.impl.client.InternalHttpClient.doExecute(InternalHttpClient.java:185) ~[httpclient-4.5.14.jar:4.5.14]
	at org.apache.http.impl.client.CloseableHttpClient.execute(CloseableHttpClient.java:72) ~[httpclient-4.5.14.jar:4.5.14]
	at org.apache.http.impl.client.CloseableHttpClient.execute(CloseableHttpClient.java:221) ~[httpclient-4.5.14.jar:4.5.14]
	at org.apache.http.impl.client.CloseableHttpClient.execute(CloseableHttpClient.java:165) ~[httpclient-4.5.14.jar:4.5.14]
	at org.apache.http.impl.client.CloseableHttpClient.execute(CloseableHttpClient.java:140) ~[httpclient-4.5.14.jar:4.5.14]
	at com.ecwid.consul.transport.AbstractHttpTransport.executeRequest(AbstractHttpTransport.java:70) ~[consul-api-1.4.5.jar:na]
	... 32 common frames omitted
Caused by: java.net.SocketTimeoutException: Connect timed out
	at java.base/sun.nio.ch.NioSocketImpl.timedFinishConnect(NioSocketImpl.java:551) ~[na:na]
	at java.base/sun.nio.ch.NioSocketImpl.connect(NioSocketImpl.java:602) ~[na:na]
	at java.base/java.net.SocksSocketImpl.connect(SocksSocketImpl.java:327) ~[na:na]
	at java.base/java.net.Socket.connect(Socket.java:633) ~[na:na]
	at org.apache.http.conn.socket.PlainConnectionSocketFactory.connectSocket(PlainConnectionSocketFactory.java:75) ~[httpclient-4.5.14.jar:4.5.14]
	at org.apache.http.impl.conn.DefaultHttpClientConnectionOperator.connect(DefaultHttpClientConnectionOperator.java:142) ~[httpclient-4.5.14.jar:4.5.14]
	... 44 common frames omitted

13:35:41:194  WARN 43378 --- [main] ConfigServletWebServerApplicationContext : Exception encountered during context initialization - cancelling refresh attempt: org.springframework.context.ApplicationContextException: Failed to start bean 'webServerStartStop'; nested exception is com.ecwid.consul.transport.TransportException: org.apache.http.conn.ConnectTimeoutException: Connect to 172.16.56.130:8500 [/172.16.56.130] failed: Connect timed out
13:35:41:204  INFO 43378 --- [main] o.apache.catalina.core.StandardService   : Stopping service [Tomcat]
13:35:41:218  INFO 43378 --- [main] ConditionEvaluationReportLoggingListener : 

Error starting ApplicationContext. To display the conditions report re-run your application with 'debug' enabled.
13:35:41:227 ERROR 43378 --- [main] o.s.boot.SpringApplication               : Application run failed

org.springframework.context.ApplicationContextException: Failed to start bean 'webServerStartStop'; nested exception is com.ecwid.consul.transport.TransportException: org.apache.http.conn.ConnectTimeoutException: Connect to 172.16.56.130:8500 [/172.16.56.130] failed: Connect timed out
	at org.springframework.context.support.DefaultLifecycleProcessor.doStart(DefaultLifecycleProcessor.java:181) ~[spring-context-5.3.27.jar:5.3.27]
	at org.springframework.context.support.DefaultLifecycleProcessor.access$200(DefaultLifecycleProcessor.java:54) ~[spring-context-5.3.27.jar:5.3.27]
	at org.springframework.context.support.DefaultLifecycleProcessor$LifecycleGroup.start(DefaultLifecycleProcessor.java:356) ~[spring-context-5.3.27.jar:5.3.27]
	at java.base/java.lang.Iterable.forEach(Iterable.java:75) ~[na:na]
	at org.springframework.context.support.DefaultLifecycleProcessor.startBeans(DefaultLifecycleProcessor.java:155) ~[spring-context-5.3.27.jar:5.3.27]
	at org.springframework.context.support.DefaultLifecycleProcessor.onRefresh(DefaultLifecycleProcessor.java:123) ~[spring-context-5.3.27.jar:5.3.27]
	at org.springframework.context.support.AbstractApplicationContext.finishRefresh(AbstractApplicationContext.java:937) ~[spring-context-5.3.27.jar:5.3.27]
	at org.springframework.context.support.AbstractApplicationContext.refresh(AbstractApplicationContext.java:586) ~[spring-context-5.3.27.jar:5.3.27]
	at org.springframework.boot.web.servlet.context.ServletWebServerApplicationContext.refresh(ServletWebServerApplicationContext.java:147) ~[spring-boot-2.7.12.jar:2.7.12]
	at org.springframework.boot.SpringApplication.refresh(SpringApplication.java:731) ~[spring-boot-2.7.12.jar:2.7.12]
	at org.springframework.boot.SpringApplication.refreshContext(SpringApplication.java:408) ~[spring-boot-2.7.12.jar:2.7.12]
	at org.springframework.boot.SpringApplication.run(SpringApplication.java:307) ~[spring-boot-2.7.12.jar:2.7.12]
	at org.springframework.boot.SpringApplication.run(SpringApplication.java:1303) ~[spring-boot-2.7.12.jar:2.7.12]
	at org.springframework.boot.SpringApplication.run(SpringApplication.java:1292) ~[spring-boot-2.7.12.jar:2.7.12]
	at com.hmall.item.ItemApplication.main(ItemApplication.java:11) ~[classes/:na]
Caused by: com.ecwid.consul.transport.TransportException: org.apache.http.conn.ConnectTimeoutException: Connect to 172.16.56.130:8500 [/172.16.56.130] failed: Connect timed out
	at com.ecwid.consul.transport.AbstractHttpTransport.executeRequest(AbstractHttpTransport.java:83) ~[consul-api-1.4.5.jar:na]
	at com.ecwid.consul.transport.AbstractHttpTransport.makePutRequest(AbstractHttpTransport.java:49) ~[consul-api-1.4.5.jar:na]
	at com.ecwid.consul.v1.ConsulRawClient.makePutRequest(ConsulRawClient.java:163) ~[consul-api-1.4.5.jar:na]
	at com.ecwid.consul.v1.agent.AgentConsulClient.agentServiceRegister(AgentConsulClient.java:273) ~[consul-api-1.4.5.jar:na]
	at com.ecwid.consul.v1.ConsulClient.agentServiceRegister(ConsulClient.java:310) ~[consul-api-1.4.5.jar:na]
	at org.springframework.cloud.consul.serviceregistry.ConsulServiceRegistry.register(ConsulServiceRegistry.java:67) ~[spring-cloud-consul-discovery-3.1.1.jar:3.1.1]
	at org.springframework.cloud.consul.serviceregistry.ConsulServiceRegistry.register(ConsulServiceRegistry.java:43) ~[spring-cloud-consul-discovery-3.1.1.jar:3.1.1]
	at org.springframework.cloud.client.serviceregistry.AbstractAutoServiceRegistration.register(AbstractAutoServiceRegistration.java:232) ~[spring-cloud-commons-3.1.3.jar:3.1.3]
	at org.springframework.cloud.consul.serviceregistry.ConsulAutoServiceRegistration.register(ConsulAutoServiceRegistration.java:80) ~[spring-cloud-consul-discovery-3.1.1.jar:3.1.1]
	at org.springframework.cloud.client.serviceregistry.AbstractAutoServiceRegistration.start(AbstractAutoServiceRegistration.java:133) ~[spring-cloud-commons-3.1.3.jar:3.1.3]
	at org.springframework.cloud.consul.serviceregistry.ConsulAutoServiceRegistration.start(ConsulAutoServiceRegistration.java:70) ~[spring-cloud-consul-discovery-3.1.1.jar:3.1.1]
	at org.springframework.cloud.consul.serviceregistry.ConsulAutoServiceRegistrationListener.onApplicationEvent(ConsulAutoServiceRegistrationListener.java:60) ~[spring-cloud-consul-discovery-3.1.1.jar:3.1.1]
	at org.springframework.context.event.SimpleApplicationEventMulticaster.doInvokeListener(SimpleApplicationEventMulticaster.java:176) ~[spring-context-5.3.27.jar:5.3.27]
	at org.springframework.context.event.SimpleApplicationEventMulticaster.invokeListener(SimpleApplicationEventMulticaster.java:169) ~[spring-context-5.3.27.jar:5.3.27]
	at org.springframework.context.event.SimpleApplicationEventMulticaster.multicastEvent(SimpleApplicationEventMulticaster.java:143) ~[spring-context-5.3.27.jar:5.3.27]
	at org.springframework.context.support.AbstractApplicationContext.publishEvent(AbstractApplicationContext.java:421) ~[spring-context-5.3.27.jar:5.3.27]
	at org.springframework.context.support.AbstractApplicationContext.publishEvent(AbstractApplicationContext.java:378) ~[spring-context-5.3.27.jar:5.3.27]
	at org.springframework.boot.web.servlet.context.WebServerStartStopLifecycle.start(WebServerStartStopLifecycle.java:46) ~[spring-boot-2.7.12.jar:2.7.12]
	at org.springframework.context.support.DefaultLifecycleProcessor.doStart(DefaultLifecycleProcessor.java:178) ~[spring-context-5.3.27.jar:5.3.27]
	... 14 common frames omitted
Caused by: org.apache.http.conn.ConnectTimeoutException: Connect to 172.16.56.130:8500 [/172.16.56.130] failed: Connect timed out
	at org.apache.http.impl.conn.DefaultHttpClientConnectionOperator.connect(DefaultHttpClientConnectionOperator.java:151) ~[httpclient-4.5.14.jar:4.5.14]
	at org.apache.http.impl.conn.PoolingHttpClientConnectionManager.connect(PoolingHttpClientConnectionManager.java:376) ~[httpclient-4.5.14.jar:4.5.14]
	at org.apache.http.impl.execchain.MainClientExec.establishRoute(MainClientExec.java:393) ~[httpclient-4.5.14.jar:4.5.14]
	at org.apache.http.impl.execchain.MainClientExec.execute(MainClientExec.java:236) ~[httpclient-4.5.14.jar:4.5.14]
	at org.apache.http.impl.execchain.ProtocolExec.execute(ProtocolExec.java:186) ~[httpclient-4.5.14.jar:4.5.14]
	at org.apache.http.impl.execchain.RetryExec.execute(RetryExec.java:89) ~[httpclient-4.5.14.jar:4.5.14]
	at org.apache.http.impl.execchain.RedirectExec.execute(RedirectExec.java:110) ~[httpclient-4.5.14.jar:4.5.14]
	at org.apache.http.impl.client.InternalHttpClient.doExecute(InternalHttpClient.java:185) ~[httpclient-4.5.14.jar:4.5.14]
	at org.apache.http.impl.client.CloseableHttpClient.execute(CloseableHttpClient.java:72) ~[httpclient-4.5.14.jar:4.5.14]
	at org.apache.http.impl.client.CloseableHttpClient.execute(CloseableHttpClient.java:221) ~[httpclient-4.5.14.jar:4.5.14]
	at org.apache.http.impl.client.CloseableHttpClient.execute(CloseableHttpClient.java:165) ~[httpclient-4.5.14.jar:4.5.14]
	at org.apache.http.impl.client.CloseableHttpClient.execute(CloseableHttpClient.java:140) ~[httpclient-4.5.14.jar:4.5.14]
	at com.ecwid.consul.transport.AbstractHttpTransport.executeRequest(AbstractHttpTransport.java:70) ~[consul-api-1.4.5.jar:na]
	... 32 common frames omitted
Caused by: java.net.SocketTimeoutException: Connect timed out
	at java.base/sun.nio.ch.NioSocketImpl.timedFinishConnect(NioSocketImpl.java:551) ~[na:na]
	at java.base/sun.nio.ch.NioSocketImpl.connect(NioSocketImpl.java:602) ~[na:na]
	at java.base/java.net.SocksSocketImpl.connect(SocksSocketImpl.java:327) ~[na:na]
	at java.base/java.net.Socket.connect(Socket.java:633) ~[na:na]
	at org.apache.http.conn.socket.PlainConnectionSocketFactory.connectSocket(PlainConnectionSocketFactory.java:75) ~[httpclient-4.5.14.jar:4.5.14]
	at org.apache.http.impl.conn.DefaultHttpClientConnectionOperator.connect(DefaultHttpClientConnectionOperator.java:142) ~[httpclient-4.5.14.jar:4.5.14]
	... 44 common frames omitted

13:35:45:189 ERROR 43378 --- [catalogWatchTaskScheduler-1] o.s.c.c.discovery.ConsulDiscoveryClient  : Error watching Consul CatalogServices

com.ecwid.consul.transport.TransportException: org.apache.http.conn.ConnectTimeoutException: Connect to 172.16.56.130:8500 [/172.16.56.130] failed: Connect timed out
	at com.ecwid.consul.transport.AbstractHttpTransport.executeRequest(AbstractHttpTransport.java:83) ~[consul-api-1.4.5.jar:na]
	at com.ecwid.consul.transport.AbstractHttpTransport.makeGetRequest(AbstractHttpTransport.java:36) ~[consul-api-1.4.5.jar:na]
	at com.ecwid.consul.v1.ConsulRawClient.makeGetRequest(ConsulRawClient.java:139) ~[consul-api-1.4.5.jar:na]
	at com.ecwid.consul.v1.catalog.CatalogConsulClient.getCatalogServices(CatalogConsulClient.java:143) ~[consul-api-1.4.5.jar:na]
	at com.ecwid.consul.v1.ConsulClient.getCatalogServices(ConsulClient.java:400) ~[consul-api-1.4.5.jar:na]
	at org.springframework.cloud.consul.discovery.ConsulCatalogWatch.catalogServicesWatch(ConsulCatalogWatch.java:130) ~[spring-cloud-consul-discovery-3.1.1.jar:3.1.1]
	at org.springframework.scheduling.support.DelegatingErrorHandlingRunnable.run(DelegatingErrorHandlingRunnable.java:54) ~[spring-context-5.3.27.jar:5.3.27]
	at java.base/java.util.concurrent.Executors$RunnableAdapter.call(Executors.java:539) ~[na:na]
	at java.base/java.util.concurrent.FutureTask.runAndReset(FutureTask.java:305) ~[na:na]
	at java.base/java.util.concurrent.ScheduledThreadPoolExecutor$ScheduledFutureTask.run(ScheduledThreadPoolExecutor.java:305) ~[na:na]
	at java.base/java.util.concurrent.ThreadPoolExecutor.runWorker(ThreadPoolExecutor.java:1136) ~[na:na]
	at java.base/java.util.concurrent.ThreadPoolExecutor$Worker.run(ThreadPoolExecutor.java:635) ~[na:na]
	at java.base/java.lang.Thread.run(Thread.java:842) ~[na:na]
Caused by: org.apache.http.conn.ConnectTimeoutException: Connect to 172.16.56.130:8500 [/172.16.56.130] failed: Connect timed out
	at org.apache.http.impl.conn.DefaultHttpClientConnectionOperator.connect(DefaultHttpClientConnectionOperator.java:151) ~[httpclient-4.5.14.jar:4.5.14]
	at org.apache.http.impl.conn.PoolingHttpClientConnectionManager.connect(PoolingHttpClientConnectionManager.java:376) ~[httpclient-4.5.14.jar:4.5.14]
	at org.apache.http.impl.execchain.MainClientExec.establishRoute(MainClientExec.java:393) ~[httpclient-4.5.14.jar:4.5.14]
	at org.apache.http.impl.execchain.MainClientExec.execute(MainClientExec.java:236) ~[httpclient-4.5.14.jar:4.5.14]
	at org.apache.http.impl.execchain.ProtocolExec.execute(ProtocolExec.java:186) ~[httpclient-4.5.14.jar:4.5.14]
	at org.apache.http.impl.execchain.RetryExec.execute(RetryExec.java:89) ~[httpclient-4.5.14.jar:4.5.14]
	at org.apache.http.impl.execchain.RedirectExec.execute(RedirectExec.java:110) ~[httpclient-4.5.14.jar:4.5.14]
	at org.apache.http.impl.client.InternalHttpClient.doExecute(InternalHttpClient.java:185) ~[httpclient-4.5.14.jar:4.5.14]
	at org.apache.http.impl.client.CloseableHttpClient.execute(CloseableHttpClient.java:72) ~[httpclient-4.5.14.jar:4.5.14]
	at org.apache.http.impl.client.CloseableHttpClient.execute(CloseableHttpClient.java:221) ~[httpclient-4.5.14.jar:4.5.14]
	at org.apache.http.impl.client.CloseableHttpClient.execute(CloseableHttpClient.java:165) ~[httpclient-4.5.14.jar:4.5.14]
	at org.apache.http.impl.client.CloseableHttpClient.execute(CloseableHttpClient.java:140) ~[httpclient-4.5.14.jar:4.5.14]
	at com.ecwid.consul.transport.AbstractHttpTransport.executeRequest(AbstractHttpTransport.java:70) ~[consul-api-1.4.5.jar:na]
	... 12 common frames omitted
Caused by: java.net.SocketTimeoutException: Connect timed out
	at java.base/sun.nio.ch.NioSocketImpl.timedFinishConnect(NioSocketImpl.java:551) ~[na:na]
	at java.base/sun.nio.ch.NioSocketImpl.connect(NioSocketImpl.java:602) ~[na:na]
	at java.base/java.net.SocksSocketImpl.connect(SocksSocketImpl.java:327) ~[na:na]
	at java.base/java.net.Socket.connect(Socket.java:633) ~[na:na]
	at org.apache.http.conn.socket.PlainConnectionSocketFactory.connectSocket(PlainConnectionSocketFactory.java:75) ~[httpclient-4.5.14.jar:4.5.14]
	at org.apache.http.impl.conn.DefaultHttpClientConnectionOperator.connect(DefaultHttpClientConnectionOperator.java:142) ~[httpclient-4.5.14.jar:4.5.14]
	... 24 common frames omitted

13:37:42:838  INFO 43547 --- [main] com.hmall.item.ItemApplication           : Starting ItemApplication using Java 17.0.10 on zhaomengdeMacBook-Pro.local with PID 43547 (/Users/zhaomeng/Downloads/SpringCloud微服务—资料/hmall/item-service/target/classes started by zhaomeng in /Users/zhaomeng/Downloads/SpringCloud微服务—资料/hmall)
13:37:42:839 DEBUG 43547 --- [main] com.hmall.item.ItemApplication           : Running with Spring Boot v2.7.12, Spring v5.3.27
13:37:42:840  INFO 43547 --- [main] com.hmall.item.ItemApplication           : The following 1 profile is active: "local"
13:37:43:199  INFO 43547 --- [main] o.s.cloud.context.scope.GenericScope     : BeanFactory id=9ae41340-7692-3989-b8df-1a8bd6f0a8b0
13:37:43:347  INFO 43547 --- [main] o.s.b.w.embedded.tomcat.TomcatWebServer  : Tomcat initialized with port(s): 8081 (http)
13:37:43:350  INFO 43547 --- [main] o.apache.catalina.core.StandardService   : Starting service [Tomcat]
13:37:43:350  INFO 43547 --- [main] org.apache.catalina.core.StandardEngine  : Starting Servlet engine: [Apache Tomcat/9.0.75]
13:37:43:392  INFO 43547 --- [main] o.a.c.c.C.[Tomcat].[localhost].[/]       : Initializing Spring embedded WebApplicationContext
13:37:43:392  INFO 43547 --- [main] w.s.c.ServletWebServerApplicationContext : Root WebApplicationContext: initialization completed in 535 ms
13:37:43:830  INFO 43547 --- [main] pertySourcedRequestMappingHandlerMapping : Mapped URL path [/v2/api-docs] onto method [springfox.documentation.swagger2.web.Swagger2ControllerWebMvc#getDocumentation(String, HttpServletRequest)]
13:37:43:909  INFO 43547 --- [main] o.s.b.w.embedded.tomcat.TomcatWebServer  : Tomcat started on port(s): 8081 (http) with context path ''
13:37:43:909  INFO 43547 --- [main] o.s.c.c.s.ConsulServiceRegistry          : Registering service with consul: NewService{id='item-service-8081', name='item-service', tags=[], address='10.7.74.120', meta={secure=false}, port=8081, enableTagOverride=null, check=Check{script='null', dockerContainerID='null', shell='null', interval='10s', ttl='null', http='http://10.7.74.120:8081/actuator/health', method='null', header={}, tcp='null', timeout='null', deregisterCriticalServiceAfter='0s', tlsSkipVerify=null, status='null', grpc='null', grpcUseTLS=null}, checks=null}
13:37:43:943  INFO 43547 --- [main] d.s.w.p.DocumentationPluginsBootstrapper : Documentation plugins bootstrapped
13:37:43:944  INFO 43547 --- [main] d.s.w.p.DocumentationPluginsBootstrapper : Found 1 custom documentation plugin(s)
13:37:43:951  INFO 43547 --- [main] s.d.s.w.s.ApiListingReferenceScanner     : Scanning for api listing references
13:37:43:991  INFO 43547 --- [main] com.hmall.item.ItemApplication           : Started ItemApplication in 1.326 seconds (JVM running for 1.601)
13:37:47:517  INFO 43547 --- [http-nio-8081-exec-1] o.a.c.c.C.[Tomcat].[localhost].[/]       : Initializing Spring DispatcherServlet 'dispatcherServlet'
13:37:47:517  INFO 43547 --- [http-nio-8081-exec-1] o.s.web.servlet.DispatcherServlet        : Initializing Servlet 'dispatcherServlet'
13:37:47:518  INFO 43547 --- [http-nio-8081-exec-1] o.s.web.servlet.DispatcherServlet        : Completed initialization in 1 ms
13:41:51:840  INFO 43547 --- [SpringApplicationShutdownHook] o.s.c.c.s.ConsulServiceRegistry          : Deregistering service with consul: item-service-8081
14:21:50:701  INFO 44484 --- [main] com.hmall.item.ItemApplication           : Starting ItemApplication using Java 17.0.10 on zhaomengdeMacBook-Pro.local with PID 44484 (/Users/zhaomeng/Downloads/SpringCloud微服务—资料/hmall/item-service/target/classes started by zhaomeng in /Users/zhaomeng/Downloads/SpringCloud微服务—资料/hmall)
14:21:50:702 DEBUG 44484 --- [main] com.hmall.item.ItemApplication           : Running with Spring Boot v2.7.12, Spring v5.3.27
14:21:50:702  INFO 44484 --- [main] com.hmall.item.ItemApplication           : The following 1 profile is active: "local"
14:21:51:042  INFO 44484 --- [main] o.s.cloud.context.scope.GenericScope     : BeanFactory id=8aa7367e-282d-340e-a933-5d8e298a1ae5
14:21:51:190  INFO 44484 --- [main] o.s.b.w.embedded.tomcat.TomcatWebServer  : Tomcat initialized with port(s): 8083 (http)
14:21:51:194  INFO 44484 --- [main] o.apache.catalina.core.StandardService   : Starting service [Tomcat]
14:21:51:194  INFO 44484 --- [main] org.apache.catalina.core.StandardEngine  : Starting Servlet engine: [Apache Tomcat/9.0.75]
14:21:51:238  INFO 44484 --- [main] o.a.c.c.C.[Tomcat].[localhost].[/]       : Initializing Spring embedded WebApplicationContext
14:21:51:238  INFO 44484 --- [main] w.s.c.ServletWebServerApplicationContext : Root WebApplicationContext: initialization completed in 514 ms
14:21:51:720  WARN 44484 --- [main] ConfigServletWebServerApplicationContext : Exception encountered during context initialization - cancelling refresh attempt: org.springframework.beans.factory.UnsatisfiedDependencyException: Error creating bean with name 'org.springframework.cloud.client.serviceregistry.AutoServiceRegistrationAutoConfiguration': Unsatisfied dependency expressed through field 'autoServiceRegistration'; nested exception is org.springframework.beans.factory.NoUniqueBeanDefinitionException: No qualifying bean of type 'org.springframework.cloud.client.serviceregistry.AutoServiceRegistration' available: expected single matching bean but found 2: nacosAutoServiceRegistration,consulAutoServiceRegistration
14:21:51:722  INFO 44484 --- [main] o.apache.catalina.core.StandardService   : Stopping service [Tomcat]
14:21:51:727  INFO 44486 --- [main] com.hmall.item.ItemApplication           : Starting ItemApplication using Java 17.0.10 on zhaomengdeMacBook-Pro.local with PID 44486 (/Users/zhaomeng/Downloads/SpringCloud微服务—资料/hmall/item-service/target/classes started by zhaomeng in /Users/zhaomeng/Downloads/SpringCloud微服务—资料/hmall)
14:21:51:728 DEBUG 44486 --- [main] com.hmall.item.ItemApplication           : Running with Spring Boot v2.7.12, Spring v5.3.27
14:21:51:728  INFO 44486 --- [main] com.hmall.item.ItemApplication           : The following 1 profile is active: "local"
14:21:51:729  INFO 44484 --- [main] ConditionEvaluationReportLoggingListener : 

Error starting ApplicationContext. To display the conditions report re-run your application with 'debug' enabled.
14:21:51:736 ERROR 44484 --- [main] o.s.b.d.LoggingFailureAnalysisReporter   : 

***************************
APPLICATION FAILED TO START
***************************

Description:

Field autoServiceRegistration in org.springframework.cloud.client.serviceregistry.AutoServiceRegistrationAutoConfiguration required a single bean, but 2 were found:
	- nacosAutoServiceRegistration: defined by method 'nacosAutoServiceRegistration' in class path resource [com/alibaba/cloud/nacos/registry/NacosServiceRegistryAutoConfiguration.class]
	- consulAutoServiceRegistration: defined by method 'consulAutoServiceRegistration' in class path resource [org/springframework/cloud/consul/serviceregistry/ConsulAutoServiceRegistrationAutoConfiguration.class]


Action:

Consider marking one of the beans as @Primary, updating the consumer to accept multiple beans, or using @Qualifier to identify the bean that should be consumed

14:21:52:080  INFO 44486 --- [main] o.s.cloud.context.scope.GenericScope     : BeanFactory id=8aa7367e-282d-340e-a933-5d8e298a1ae5
14:21:52:232  INFO 44486 --- [main] o.s.b.w.embedded.tomcat.TomcatWebServer  : Tomcat initialized with port(s): 8081 (http)
14:21:52:235  INFO 44486 --- [main] o.apache.catalina.core.StandardService   : Starting service [Tomcat]
14:21:52:235  INFO 44486 --- [main] org.apache.catalina.core.StandardEngine  : Starting Servlet engine: [Apache Tomcat/9.0.75]
14:21:52:275  INFO 44486 --- [main] o.a.c.c.C.[Tomcat].[localhost].[/]       : Initializing Spring embedded WebApplicationContext
14:21:52:275  INFO 44486 --- [main] w.s.c.ServletWebServerApplicationContext : Root WebApplicationContext: initialization completed in 528 ms
14:21:52:665  WARN 44486 --- [main] ConfigServletWebServerApplicationContext : Exception encountered during context initialization - cancelling refresh attempt: org.springframework.beans.factory.UnsatisfiedDependencyException: Error creating bean with name 'org.springframework.cloud.client.serviceregistry.AutoServiceRegistrationAutoConfiguration': Unsatisfied dependency expressed through field 'autoServiceRegistration'; nested exception is org.springframework.beans.factory.NoUniqueBeanDefinitionException: No qualifying bean of type 'org.springframework.cloud.client.serviceregistry.AutoServiceRegistration' available: expected single matching bean but found 2: nacosAutoServiceRegistration,consulAutoServiceRegistration
14:21:52:667  INFO 44486 --- [main] o.apache.catalina.core.StandardService   : Stopping service [Tomcat]
14:21:52:672  INFO 44486 --- [main] ConditionEvaluationReportLoggingListener : 

Error starting ApplicationContext. To display the conditions report re-run your application with 'debug' enabled.
14:21:52:676 ERROR 44486 --- [main] o.s.b.d.LoggingFailureAnalysisReporter   : 

***************************
APPLICATION FAILED TO START
***************************

Description:

Field autoServiceRegistration in org.springframework.cloud.client.serviceregistry.AutoServiceRegistrationAutoConfiguration required a single bean, but 2 were found:
	- nacosAutoServiceRegistration: defined by method 'nacosAutoServiceRegistration' in class path resource [com/alibaba/cloud/nacos/registry/NacosServiceRegistryAutoConfiguration.class]
	- consulAutoServiceRegistration: defined by method 'consulAutoServiceRegistration' in class path resource [org/springframework/cloud/consul/serviceregistry/ConsulAutoServiceRegistrationAutoConfiguration.class]


Action:

Consider marking one of the beans as @Primary, updating the consumer to accept multiple beans, or using @Qualifier to identify the bean that should be consumed

14:23:51:281  INFO 44539 --- [main] com.hmall.item.ItemApplication           : Starting ItemApplication using Java 17.0.10 on zhaomengdeMacBook-Pro.local with PID 44539 (/Users/zhaomeng/Downloads/SpringCloud微服务—资料/hmall/item-service/target/classes started by zhaomeng in /Users/zhaomeng/Downloads/SpringCloud微服务—资料/hmall)
14:23:51:283 DEBUG 44539 --- [main] com.hmall.item.ItemApplication           : Running with Spring Boot v2.7.12, Spring v5.3.27
14:23:51:283  INFO 44539 --- [main] com.hmall.item.ItemApplication           : The following 1 profile is active: "local"
14:23:51:636  INFO 44539 --- [main] o.s.cloud.context.scope.GenericScope     : BeanFactory id=8aa7367e-282d-340e-a933-5d8e298a1ae5
14:23:51:782  INFO 44539 --- [main] o.s.b.w.embedded.tomcat.TomcatWebServer  : Tomcat initialized with port(s): 8081 (http)
14:23:51:785  INFO 44539 --- [main] o.apache.catalina.core.StandardService   : Starting service [Tomcat]
14:23:51:785  INFO 44539 --- [main] org.apache.catalina.core.StandardEngine  : Starting Servlet engine: [Apache Tomcat/9.0.75]
14:23:51:823  INFO 44539 --- [main] o.a.c.c.C.[Tomcat].[localhost].[/]       : Initializing Spring embedded WebApplicationContext
14:23:51:823  INFO 44539 --- [main] w.s.c.ServletWebServerApplicationContext : Root WebApplicationContext: initialization completed in 522 ms
14:23:52:187  WARN 44539 --- [main] ConfigServletWebServerApplicationContext : Exception encountered during context initialization - cancelling refresh attempt: org.springframework.beans.factory.UnsatisfiedDependencyException: Error creating bean with name 'org.springframework.cloud.client.serviceregistry.AutoServiceRegistrationAutoConfiguration': Unsatisfied dependency expressed through field 'autoServiceRegistration'; nested exception is org.springframework.beans.factory.NoUniqueBeanDefinitionException: No qualifying bean of type 'org.springframework.cloud.client.serviceregistry.AutoServiceRegistration' available: expected single matching bean but found 2: nacosAutoServiceRegistration,consulAutoServiceRegistration
14:23:52:189  INFO 44539 --- [main] o.apache.catalina.core.StandardService   : Stopping service [Tomcat]
14:23:52:194  INFO 44539 --- [main] ConditionEvaluationReportLoggingListener : 

Error starting ApplicationContext. To display the conditions report re-run your application with 'debug' enabled.
14:23:52:199 ERROR 44539 --- [main] o.s.b.d.LoggingFailureAnalysisReporter   : 

***************************
APPLICATION FAILED TO START
***************************

Description:

Field autoServiceRegistration in org.springframework.cloud.client.serviceregistry.AutoServiceRegistrationAutoConfiguration required a single bean, but 2 were found:
	- nacosAutoServiceRegistration: defined by method 'nacosAutoServiceRegistration' in class path resource [com/alibaba/cloud/nacos/registry/NacosServiceRegistryAutoConfiguration.class]
	- consulAutoServiceRegistration: defined by method 'consulAutoServiceRegistration' in class path resource [org/springframework/cloud/consul/serviceregistry/ConsulAutoServiceRegistrationAutoConfiguration.class]


Action:

Consider marking one of the beans as @Primary, updating the consumer to accept multiple beans, or using @Qualifier to identify the bean that should be consumed

14:25:44:542  INFO 44591 --- [main] com.hmall.item.ItemApplication           : Starting ItemApplication using Java 17.0.10 on zhaomengdeMacBook-Pro.local with PID 44591 (/Users/zhaomeng/Downloads/SpringCloud微服务—资料/hmall/item-service/target/classes started by zhaomeng in /Users/zhaomeng/Downloads/SpringCloud微服务—资料/hmall)
14:25:44:543 DEBUG 44591 --- [main] com.hmall.item.ItemApplication           : Running with Spring Boot v2.7.12, Spring v5.3.27
14:25:44:543  INFO 44591 --- [main] com.hmall.item.ItemApplication           : The following 1 profile is active: "local"
14:25:44:865  INFO 44591 --- [main] o.s.cloud.context.scope.GenericScope     : BeanFactory id=16d47e7d-8a8e-3c24-b65c-14372622b52b
14:25:44:972  INFO 44591 --- [main] o.s.b.w.embedded.tomcat.TomcatWebServer  : Tomcat initialized with port(s): 8081 (http)
14:25:44:976  INFO 44591 --- [main] o.apache.catalina.core.StandardService   : Starting service [Tomcat]
14:25:44:976  INFO 44591 --- [main] org.apache.catalina.core.StandardEngine  : Starting Servlet engine: [Apache Tomcat/9.0.75]
14:25:45:013  INFO 44591 --- [main] o.a.c.c.C.[Tomcat].[localhost].[/]       : Initializing Spring embedded WebApplicationContext
14:25:45:013  INFO 44591 --- [main] w.s.c.ServletWebServerApplicationContext : Root WebApplicationContext: initialization completed in 451 ms
14:25:45:307  INFO 44591 --- [main] pertySourcedRequestMappingHandlerMapping : Mapped URL path [/v2/api-docs] onto method [springfox.documentation.swagger2.web.Swagger2ControllerWebMvc#getDocumentation(String, HttpServletRequest)]
14:25:45:377  INFO 44591 --- [main] com.alibaba.nacos.common.remote.client   : [RpcClientFactory] create a new rpc client of edbad80f-798d-4359-b03e-d1c3e0e9dab1
14:25:45:399  INFO 44591 --- [main] org.reflections.Reflections              : Reflections took 12 ms to scan 1 urls, producing 3 keys and 6 values 
14:25:45:408  INFO 44591 --- [main] org.reflections.Reflections              : Reflections took 4 ms to scan 1 urls, producing 4 keys and 9 values 
14:25:45:412  INFO 44591 --- [main] org.reflections.Reflections              : Reflections took 3 ms to scan 1 urls, producing 3 keys and 10 values 
14:25:45:413  WARN 44591 --- [main] org.reflections.Reflections              : given scan urls are empty. set urls in the configuration
14:25:45:416  INFO 44591 --- [main] org.reflections.Reflections              : Reflections took 3 ms to scan 1 urls, producing 1 keys and 5 values 
14:25:45:420  INFO 44591 --- [main] org.reflections.Reflections              : Reflections took 3 ms to scan 1 urls, producing 1 keys and 7 values 
14:25:45:423  INFO 44591 --- [main] org.reflections.Reflections              : Reflections took 3 ms to scan 1 urls, producing 2 keys and 8 values 
14:25:45:424  WARN 44591 --- [main] org.reflections.Reflections              : given scan urls are empty. set urls in the configuration
14:25:45:424  INFO 44591 --- [main] com.alibaba.nacos.common.remote.client   : [edbad80f-798d-4359-b03e-d1c3e0e9dab1] RpcClient init label, labels = {module=naming, source=sdk}
14:25:45:425  INFO 44591 --- [main] com.alibaba.nacos.common.remote.client   : [edbad80f-798d-4359-b03e-d1c3e0e9dab1] RpcClient init, ServerListFactory = com.alibaba.nacos.client.naming.core.ServerListManager
14:25:45:425  INFO 44591 --- [main] com.alibaba.nacos.common.remote.client   : [edbad80f-798d-4359-b03e-d1c3e0e9dab1] Registry connection listener to current client:com.alibaba.nacos.client.naming.remote.gprc.redo.NamingGrpcRedoService
14:25:45:425  INFO 44591 --- [main] com.alibaba.nacos.common.remote.client   : [edbad80f-798d-4359-b03e-d1c3e0e9dab1] Register server push request handler:com.alibaba.nacos.client.naming.remote.gprc.NamingPushRequestHandler
14:25:45:425  INFO 44591 --- [main] com.alibaba.nacos.common.remote.client   : [edbad80f-798d-4359-b03e-d1c3e0e9dab1] Try to connect to server on start up, server: {serverIp = '172.16.56.130', server main port = 8848}
14:25:45:794  INFO 44591 --- [main] com.alibaba.nacos.common.remote.client   : [edbad80f-798d-4359-b03e-d1c3e0e9dab1] Success to connect to server [172.16.56.130:8848] on start up, connectionId = 1740230745604_172.16.56.1_51576
14:25:45:795  INFO 44591 --- [com.alibaba.nacos.client.remote.worker] com.alibaba.nacos.common.remote.client   : [edbad80f-798d-4359-b03e-d1c3e0e9dab1] Notify connected event to listeners.
14:25:45:795  INFO 44591 --- [main] com.alibaba.nacos.common.remote.client   : [edbad80f-798d-4359-b03e-d1c3e0e9dab1] Register server push request handler:com.alibaba.nacos.common.remote.client.RpcClient$ConnectResetRequestHandler
14:25:45:795  INFO 44591 --- [main] com.alibaba.nacos.common.remote.client   : [edbad80f-798d-4359-b03e-d1c3e0e9dab1] Register server push request handler:com.alibaba.nacos.common.remote.client.RpcClient$$Lambda$913/0x000000b00173c000
14:25:45:876  INFO 44591 --- [main] o.s.b.w.embedded.tomcat.TomcatWebServer  : Tomcat started on port(s): 8081 (http) with context path ''
14:25:45:889  INFO 44591 --- [main] c.a.c.n.registry.NacosServiceRegistry    : nacos registry, DEFAULT_GROUP item-service 10.7.74.120:8081 register finished
14:25:45:892  INFO 44591 --- [main] d.s.w.p.DocumentationPluginsBootstrapper : Documentation plugins bootstrapped
14:25:45:894  INFO 44591 --- [main] d.s.w.p.DocumentationPluginsBootstrapper : Found 1 custom documentation plugin(s)
14:25:45:904  INFO 44591 --- [main] s.d.s.w.s.ApiListingReferenceScanner     : Scanning for api listing references
14:25:45:951  INFO 44591 --- [main] com.hmall.item.ItemApplication           : Started ItemApplication in 1.599 seconds (JVM running for 1.806)
14:25:46:451  INFO 44591 --- [nacos-grpc-client-executor-11] com.alibaba.nacos.common.remote.client   : [edbad80f-798d-4359-b03e-d1c3e0e9dab1] Receive server push request, request = NotifySubscriberRequest, requestId = 1
14:25:46:453  INFO 44591 --- [nacos-grpc-client-executor-11] com.alibaba.nacos.common.remote.client   : [edbad80f-798d-4359-b03e-d1c3e0e9dab1] Ack server push request, request = NotifySubscriberRequest, requestId = 1
14:25:48:060  INFO 44596 --- [main] com.hmall.item.ItemApplication           : Starting ItemApplication using Java 17.0.10 on zhaomengdeMacBook-Pro.local with PID 44596 (/Users/zhaomeng/Downloads/SpringCloud微服务—资料/hmall/item-service/target/classes started by zhaomeng in /Users/zhaomeng/Downloads/SpringCloud微服务—资料/hmall)
14:25:48:061 DEBUG 44596 --- [main] com.hmall.item.ItemApplication           : Running with Spring Boot v2.7.12, Spring v5.3.27
14:25:48:061  INFO 44596 --- [main] com.hmall.item.ItemApplication           : The following 1 profile is active: "local"
14:25:48:358  INFO 44596 --- [main] o.s.cloud.context.scope.GenericScope     : BeanFactory id=16d47e7d-8a8e-3c24-b65c-14372622b52b
14:25:48:460  INFO 44596 --- [main] o.s.b.w.embedded.tomcat.TomcatWebServer  : Tomcat initialized with port(s): 8083 (http)
14:25:48:463  INFO 44596 --- [main] o.apache.catalina.core.StandardService   : Starting service [Tomcat]
14:25:48:463  INFO 44596 --- [main] org.apache.catalina.core.StandardEngine  : Starting Servlet engine: [Apache Tomcat/9.0.75]
14:25:48:492  INFO 44596 --- [main] o.a.c.c.C.[Tomcat].[localhost].[/]       : Initializing Spring embedded WebApplicationContext
14:25:48:493  INFO 44596 --- [main] w.s.c.ServletWebServerApplicationContext : Root WebApplicationContext: initialization completed in 415 ms
14:25:48:766  INFO 44596 --- [main] pertySourcedRequestMappingHandlerMapping : Mapped URL path [/v2/api-docs] onto method [springfox.documentation.swagger2.web.Swagger2ControllerWebMvc#getDocumentation(String, HttpServletRequest)]
14:25:48:831  INFO 44596 --- [main] com.alibaba.nacos.common.remote.client   : [RpcClientFactory] create a new rpc client of fd3c66f4-09cc-412b-9457-64b4780da141
14:25:48:852  INFO 44596 --- [main] org.reflections.Reflections              : Reflections took 12 ms to scan 1 urls, producing 3 keys and 6 values 
14:25:48:861  INFO 44596 --- [main] org.reflections.Reflections              : Reflections took 4 ms to scan 1 urls, producing 4 keys and 9 values 
14:25:48:865  INFO 44596 --- [main] org.reflections.Reflections              : Reflections took 3 ms to scan 1 urls, producing 3 keys and 10 values 
14:25:48:866  WARN 44596 --- [main] org.reflections.Reflections              : given scan urls are empty. set urls in the configuration
14:25:48:869  INFO 44596 --- [main] org.reflections.Reflections              : Reflections took 3 ms to scan 1 urls, producing 1 keys and 5 values 
14:25:48:872  INFO 44596 --- [main] org.reflections.Reflections              : Reflections took 3 ms to scan 1 urls, producing 1 keys and 7 values 
14:25:48:876  INFO 44596 --- [main] org.reflections.Reflections              : Reflections took 3 ms to scan 1 urls, producing 2 keys and 8 values 
14:25:48:877  WARN 44596 --- [main] org.reflections.Reflections              : given scan urls are empty. set urls in the configuration
14:25:48:878  INFO 44596 --- [main] com.alibaba.nacos.common.remote.client   : [fd3c66f4-09cc-412b-9457-64b4780da141] RpcClient init label, labels = {module=naming, source=sdk}
14:25:48:878  INFO 44596 --- [main] com.alibaba.nacos.common.remote.client   : [fd3c66f4-09cc-412b-9457-64b4780da141] RpcClient init, ServerListFactory = com.alibaba.nacos.client.naming.core.ServerListManager
14:25:48:878  INFO 44596 --- [main] com.alibaba.nacos.common.remote.client   : [fd3c66f4-09cc-412b-9457-64b4780da141] Registry connection listener to current client:com.alibaba.nacos.client.naming.remote.gprc.redo.NamingGrpcRedoService
14:25:48:878  INFO 44596 --- [main] com.alibaba.nacos.common.remote.client   : [fd3c66f4-09cc-412b-9457-64b4780da141] Register server push request handler:com.alibaba.nacos.client.naming.remote.gprc.NamingPushRequestHandler
14:25:48:879  INFO 44596 --- [main] com.alibaba.nacos.common.remote.client   : [fd3c66f4-09cc-412b-9457-64b4780da141] Try to connect to server on start up, server: {serverIp = '172.16.56.130', server main port = 8848}
14:25:49:180  INFO 44596 --- [main] com.alibaba.nacos.common.remote.client   : [fd3c66f4-09cc-412b-9457-64b4780da141] Success to connect to server [172.16.56.130:8848] on start up, connectionId = 1740230749046_172.16.56.1_51584
14:25:49:181  INFO 44596 --- [com.alibaba.nacos.client.remote.worker] com.alibaba.nacos.common.remote.client   : [fd3c66f4-09cc-412b-9457-64b4780da141] Notify connected event to listeners.
14:25:49:181  INFO 44596 --- [main] com.alibaba.nacos.common.remote.client   : [fd3c66f4-09cc-412b-9457-64b4780da141] Register server push request handler:com.alibaba.nacos.common.remote.client.RpcClient$ConnectResetRequestHandler
14:25:49:181  INFO 44596 --- [main] com.alibaba.nacos.common.remote.client   : [fd3c66f4-09cc-412b-9457-64b4780da141] Register server push request handler:com.alibaba.nacos.common.remote.client.RpcClient$$Lambda$913/0x00000070017339c0
14:25:49:235  INFO 44596 --- [main] o.s.b.w.embedded.tomcat.TomcatWebServer  : Tomcat started on port(s): 8083 (http) with context path ''
14:25:49:246  INFO 44596 --- [main] c.a.c.n.registry.NacosServiceRegistry    : nacos registry, DEFAULT_GROUP item-service 10.7.74.120:8083 register finished
14:25:49:249  INFO 44596 --- [main] d.s.w.p.DocumentationPluginsBootstrapper : Documentation plugins bootstrapped
14:25:49:251  INFO 44596 --- [main] d.s.w.p.DocumentationPluginsBootstrapper : Found 1 custom documentation plugin(s)
14:25:49:261  INFO 44596 --- [main] s.d.s.w.s.ApiListingReferenceScanner     : Scanning for api listing references
14:25:49:307  INFO 44596 --- [main] com.hmall.item.ItemApplication           : Started ItemApplication in 1.415 seconds (JVM running for 1.62)
14:25:49:731  INFO 44591 --- [nacos-grpc-client-executor-14] com.alibaba.nacos.common.remote.client   : [edbad80f-798d-4359-b03e-d1c3e0e9dab1] Receive server push request, request = NotifySubscriberRequest, requestId = 3
14:25:49:733  INFO 44591 --- [nacos-grpc-client-executor-14] com.alibaba.nacos.common.remote.client   : [edbad80f-798d-4359-b03e-d1c3e0e9dab1] Ack server push request, request = NotifySubscriberRequest, requestId = 3
14:25:49:740  INFO 44596 --- [nacos-grpc-client-executor-11] com.alibaba.nacos.common.remote.client   : [fd3c66f4-09cc-412b-9457-64b4780da141] Receive server push request, request = NotifySubscriberRequest, requestId = 2
14:25:49:742  INFO 44596 --- [nacos-grpc-client-executor-11] com.alibaba.nacos.common.remote.client   : [fd3c66f4-09cc-412b-9457-64b4780da141] Ack server push request, request = NotifySubscriberRequest, requestId = 2
14:28:52:326  WARN 44596 --- [Thread-4] c.a.nacos.common.notify.NotifyCenter     : [NotifyCenter] Start destroying Publisher
14:28:52:326  WARN 44591 --- [Thread-4] c.a.nacos.common.notify.NotifyCenter     : [NotifyCenter] Start destroying Publisher
14:28:52:326  WARN 44591 --- [Thread-7] c.a.n.common.http.HttpClientBeanHolder   : [HttpClientBeanHolder] Start destroying common HttpClient
14:28:52:326  WARN 44596 --- [Thread-7] c.a.n.common.http.HttpClientBeanHolder   : [HttpClientBeanHolder] Start destroying common HttpClient
14:28:52:327  WARN 44591 --- [Thread-4] c.a.nacos.common.notify.NotifyCenter     : [NotifyCenter] Destruction of the end
14:28:52:328  WARN 44596 --- [Thread-4] c.a.nacos.common.notify.NotifyCenter     : [NotifyCenter] Destruction of the end
14:28:52:329  WARN 44596 --- [Thread-7] c.a.n.common.http.HttpClientBeanHolder   : [HttpClientBeanHolder] Destruction of the end
14:28:52:329  WARN 44591 --- [Thread-7] c.a.n.common.http.HttpClientBeanHolder   : [HttpClientBeanHolder] Destruction of the end
14:28:52:385  INFO 44596 --- [SpringApplicationShutdownHook] c.a.c.n.registry.NacosServiceRegistry    : De-registering from Nacos Server now...
14:28:52:388  INFO 44591 --- [SpringApplicationShutdownHook] c.a.c.n.registry.NacosServiceRegistry    : De-registering from Nacos Server now...
14:28:52:403  INFO 44596 --- [SpringApplicationShutdownHook] c.a.c.n.registry.NacosServiceRegistry    : De-registration finished.
14:28:52:414  INFO 44591 --- [SpringApplicationShutdownHook] c.a.c.n.registry.NacosServiceRegistry    : De-registration finished.
14:28:52:716  INFO 44596 --- [SpringApplicationShutdownHook] com.alibaba.nacos.common.remote.client   : Shutdown rpc client, set status to shutdown
14:28:52:716  INFO 44596 --- [SpringApplicationShutdownHook] com.alibaba.nacos.common.remote.client   : Shutdown client event executor java.util.concurrent.ScheduledThreadPoolExecutor@6c24bd29[Running, pool size = 2, active threads = 2, queued tasks = 0, completed tasks = 0]
14:28:52:716  INFO 44596 --- [SpringApplicationShutdownHook] com.alibaba.nacos.common.remote.client   : Close current connection 1740230749046_172.16.56.1_51584
14:28:52:720  INFO 44596 --- [SpringApplicationShutdownHook] c.a.n.c.remote.client.grpc.GrpcClient    : Shutdown grpc executor java.util.concurrent.ThreadPoolExecutor@3cb74e1d[Running, pool size = 9, active threads = 0, queued tasks = 0, completed tasks = 96]
14:28:52:727  INFO 44591 --- [SpringApplicationShutdownHook] com.alibaba.nacos.common.remote.client   : Shutdown rpc client, set status to shutdown
14:28:52:727  INFO 44591 --- [SpringApplicationShutdownHook] com.alibaba.nacos.common.remote.client   : Shutdown client event executor java.util.concurrent.ScheduledThreadPoolExecutor@3ddbff93[Running, pool size = 2, active threads = 2, queued tasks = 0, completed tasks = 0]
14:28:52:728  INFO 44591 --- [SpringApplicationShutdownHook] com.alibaba.nacos.common.remote.client   : Close current connection 1740230745604_172.16.56.1_51576
14:28:52:730  INFO 44591 --- [SpringApplicationShutdownHook] c.a.n.c.remote.client.grpc.GrpcClient    : Shutdown grpc executor java.util.concurrent.ThreadPoolExecutor@66509f7b[Running, pool size = 8, active threads = 0, queued tasks = 0, completed tasks = 98]
17:16:28:669  INFO 46695 --- [main] com.hmall.item.ItemApplication           : Starting ItemApplication using Java 17.0.10 on zhaomengdeMacBook-Pro.local with PID 46695 (/Users/zhaomeng/Downloads/SpringCloud微服务—资料/hmall/item-service/target/classes started by zhaomeng in /Users/zhaomeng/Downloads/SpringCloud微服务—资料/hmall)
17:16:28:670 DEBUG 46695 --- [main] com.hmall.item.ItemApplication           : Running with Spring Boot v2.7.12, Spring v5.3.27
17:16:28:670  INFO 46695 --- [main] com.hmall.item.ItemApplication           : The following 1 profile is active: "local"
17:16:29:001  INFO 46695 --- [main] o.s.cloud.context.scope.GenericScope     : BeanFactory id=16d47e7d-8a8e-3c24-b65c-14372622b52b
17:16:29:112  INFO 46695 --- [main] o.s.b.w.embedded.tomcat.TomcatWebServer  : Tomcat initialized with port(s): 8083 (http)
17:16:29:116  INFO 46695 --- [main] o.apache.catalina.core.StandardService   : Starting service [Tomcat]
17:16:29:116  INFO 46695 --- [main] org.apache.catalina.core.StandardEngine  : Starting Servlet engine: [Apache Tomcat/9.0.75]
17:16:29:154  INFO 46695 --- [main] o.a.c.c.C.[Tomcat].[localhost].[/]       : Initializing Spring embedded WebApplicationContext
17:16:29:154  INFO 46695 --- [main] w.s.c.ServletWebServerApplicationContext : Root WebApplicationContext: initialization completed in 465 ms
17:16:29:536  INFO 46695 --- [main] pertySourcedRequestMappingHandlerMapping : Mapped URL path [/v2/api-docs] onto method [springfox.documentation.swagger2.web.Swagger2ControllerWebMvc#getDocumentation(String, HttpServletRequest)]
17:16:29:642  INFO 46695 --- [main] com.alibaba.nacos.common.remote.client   : [RpcClientFactory] create a new rpc client of 08262a2a-3ba2-4f1d-ab55-c0b1bbaa80fc
17:16:29:671  INFO 46695 --- [main] org.reflections.Reflections              : Reflections took 12 ms to scan 1 urls, producing 3 keys and 6 values 
17:16:29:684  INFO 46695 --- [main] org.reflections.Reflections              : Reflections took 4 ms to scan 1 urls, producing 4 keys and 9 values 
17:16:29:691  INFO 46695 --- [main] org.reflections.Reflections              : Reflections took 6 ms to scan 1 urls, producing 3 keys and 10 values 
17:16:29:691  WARN 46695 --- [main] org.reflections.Reflections              : given scan urls are empty. set urls in the configuration
17:16:29:695  INFO 46695 --- [main] org.reflections.Reflections              : Reflections took 3 ms to scan 1 urls, producing 1 keys and 5 values 
17:16:29:699  INFO 46695 --- [main] org.reflections.Reflections              : Reflections took 3 ms to scan 1 urls, producing 1 keys and 7 values 
17:16:29:703  INFO 46695 --- [main] org.reflections.Reflections              : Reflections took 3 ms to scan 1 urls, producing 2 keys and 8 values 
17:16:29:704  WARN 46695 --- [main] org.reflections.Reflections              : given scan urls are empty. set urls in the configuration
17:16:29:705  INFO 46695 --- [main] com.alibaba.nacos.common.remote.client   : [08262a2a-3ba2-4f1d-ab55-c0b1bbaa80fc] RpcClient init label, labels = {module=naming, source=sdk}
17:16:29:706  INFO 46695 --- [main] com.alibaba.nacos.common.remote.client   : [08262a2a-3ba2-4f1d-ab55-c0b1bbaa80fc] RpcClient init, ServerListFactory = com.alibaba.nacos.client.naming.core.ServerListManager
17:16:29:706  INFO 46695 --- [main] com.alibaba.nacos.common.remote.client   : [08262a2a-3ba2-4f1d-ab55-c0b1bbaa80fc] Registry connection listener to current client:com.alibaba.nacos.client.naming.remote.gprc.redo.NamingGrpcRedoService
17:16:29:706  INFO 46695 --- [main] com.alibaba.nacos.common.remote.client   : [08262a2a-3ba2-4f1d-ab55-c0b1bbaa80fc] Register server push request handler:com.alibaba.nacos.client.naming.remote.gprc.NamingPushRequestHandler
17:16:29:707  INFO 46695 --- [main] com.alibaba.nacos.common.remote.client   : [08262a2a-3ba2-4f1d-ab55-c0b1bbaa80fc] Try to connect to server on start up, server: {serverIp = '172.16.56.130', server main port = 8848}
17:16:29:792  INFO 46700 --- [main] com.hmall.item.ItemApplication           : Starting ItemApplication using Java 17.0.10 on zhaomengdeMacBook-Pro.local with PID 46700 (/Users/zhaomeng/Downloads/SpringCloud微服务—资料/hmall/item-service/target/classes started by zhaomeng in /Users/zhaomeng/Downloads/SpringCloud微服务—资料/hmall)
17:16:29:792 DEBUG 46700 --- [main] com.hmall.item.ItemApplication           : Running with Spring Boot v2.7.12, Spring v5.3.27
17:16:29:793  INFO 46700 --- [main] com.hmall.item.ItemApplication           : The following 1 profile is active: "local"
17:16:30:084  INFO 46695 --- [main] com.alibaba.nacos.common.remote.client   : [08262a2a-3ba2-4f1d-ab55-c0b1bbaa80fc] Success to connect to server [172.16.56.130:8848] on start up, connectionId = 1740240989950_172.16.56.1_52707
17:16:30:085  INFO 46695 --- [com.alibaba.nacos.client.remote.worker] com.alibaba.nacos.common.remote.client   : [08262a2a-3ba2-4f1d-ab55-c0b1bbaa80fc] Notify connected event to listeners.
17:16:30:085  INFO 46695 --- [main] com.alibaba.nacos.common.remote.client   : [08262a2a-3ba2-4f1d-ab55-c0b1bbaa80fc] Register server push request handler:com.alibaba.nacos.common.remote.client.RpcClient$ConnectResetRequestHandler
17:16:30:085  INFO 46695 --- [main] com.alibaba.nacos.common.remote.client   : [08262a2a-3ba2-4f1d-ab55-c0b1bbaa80fc] Register server push request handler:com.alibaba.nacos.common.remote.client.RpcClient$$Lambda$913/0x0000007001738ac0
17:16:30:127  INFO 46695 --- [main] o.s.b.w.embedded.tomcat.TomcatWebServer  : Tomcat started on port(s): 8083 (http) with context path ''
17:16:30:138  INFO 46695 --- [main] c.a.c.n.registry.NacosServiceRegistry    : nacos registry, DEFAULT_GROUP item-service 10.7.74.120:8083 register finished
17:16:30:139  INFO 46700 --- [main] o.s.cloud.context.scope.GenericScope     : BeanFactory id=16d47e7d-8a8e-3c24-b65c-14372622b52b
17:16:30:140  INFO 46695 --- [main] d.s.w.p.DocumentationPluginsBootstrapper : Documentation plugins bootstrapped
17:16:30:141  INFO 46695 --- [main] d.s.w.p.DocumentationPluginsBootstrapper : Found 1 custom documentation plugin(s)
17:16:30:150  INFO 46695 --- [main] s.d.s.w.s.ApiListingReferenceScanner     : Scanning for api listing references
17:16:30:190  INFO 46695 --- [main] com.hmall.item.ItemApplication           : Started ItemApplication in 1.713 seconds (JVM running for 1.965)
17:16:30:244  INFO 46700 --- [main] o.s.b.w.embedded.tomcat.TomcatWebServer  : Tomcat initialized with port(s): 8081 (http)
17:16:30:247  INFO 46700 --- [main] o.apache.catalina.core.StandardService   : Starting service [Tomcat]
17:16:30:247  INFO 46700 --- [main] org.apache.catalina.core.StandardEngine  : Starting Servlet engine: [Apache Tomcat/9.0.75]
17:16:30:276  INFO 46700 --- [main] o.a.c.c.C.[Tomcat].[localhost].[/]       : Initializing Spring embedded WebApplicationContext
17:16:30:276  INFO 46700 --- [main] w.s.c.ServletWebServerApplicationContext : Root WebApplicationContext: initialization completed in 464 ms
17:16:30:593  INFO 46700 --- [main] pertySourcedRequestMappingHandlerMapping : Mapped URL path [/v2/api-docs] onto method [springfox.documentation.swagger2.web.Swagger2ControllerWebMvc#getDocumentation(String, HttpServletRequest)]
17:16:30:622  INFO 46695 --- [nacos-grpc-client-executor-11] com.alibaba.nacos.common.remote.client   : [08262a2a-3ba2-4f1d-ab55-c0b1bbaa80fc] Receive server push request, request = NotifySubscriberRequest, requestId = 5
17:16:30:623  INFO 46695 --- [nacos-grpc-client-executor-11] com.alibaba.nacos.common.remote.client   : [08262a2a-3ba2-4f1d-ab55-c0b1bbaa80fc] Ack server push request, request = NotifySubscriberRequest, requestId = 5
17:16:30:664  INFO 46700 --- [main] com.alibaba.nacos.common.remote.client   : [RpcClientFactory] create a new rpc client of 34388bc1-b3bd-4032-bd72-e0a301b9c907
17:16:30:688  INFO 46700 --- [main] org.reflections.Reflections              : Reflections took 11 ms to scan 1 urls, producing 3 keys and 6 values 
17:16:30:696  INFO 46700 --- [main] org.reflections.Reflections              : Reflections took 3 ms to scan 1 urls, producing 4 keys and 9 values 
17:16:30:700  INFO 46700 --- [main] org.reflections.Reflections              : Reflections took 3 ms to scan 1 urls, producing 3 keys and 10 values 
17:16:30:701  WARN 46700 --- [main] org.reflections.Reflections              : given scan urls are empty. set urls in the configuration
17:16:30:704  INFO 46700 --- [main] org.reflections.Reflections              : Reflections took 3 ms to scan 1 urls, producing 1 keys and 5 values 
17:16:30:708  INFO 46700 --- [main] org.reflections.Reflections              : Reflections took 3 ms to scan 1 urls, producing 1 keys and 7 values 
17:16:30:711  INFO 46700 --- [main] org.reflections.Reflections              : Reflections took 3 ms to scan 1 urls, producing 2 keys and 8 values 
17:16:30:712  WARN 46700 --- [main] org.reflections.Reflections              : given scan urls are empty. set urls in the configuration
17:16:30:712  INFO 46700 --- [main] com.alibaba.nacos.common.remote.client   : [34388bc1-b3bd-4032-bd72-e0a301b9c907] RpcClient init label, labels = {module=naming, source=sdk}
17:16:30:713  INFO 46700 --- [main] com.alibaba.nacos.common.remote.client   : [34388bc1-b3bd-4032-bd72-e0a301b9c907] RpcClient init, ServerListFactory = com.alibaba.nacos.client.naming.core.ServerListManager
17:16:30:713  INFO 46700 --- [main] com.alibaba.nacos.common.remote.client   : [34388bc1-b3bd-4032-bd72-e0a301b9c907] Registry connection listener to current client:com.alibaba.nacos.client.naming.remote.gprc.redo.NamingGrpcRedoService
17:16:30:713  INFO 46700 --- [main] com.alibaba.nacos.common.remote.client   : [34388bc1-b3bd-4032-bd72-e0a301b9c907] Register server push request handler:com.alibaba.nacos.client.naming.remote.gprc.NamingPushRequestHandler
17:16:30:713  INFO 46700 --- [main] com.alibaba.nacos.common.remote.client   : [34388bc1-b3bd-4032-bd72-e0a301b9c907] Try to connect to server on start up, server: {serverIp = '172.16.56.130', server main port = 8848}
17:16:31:024  INFO 46700 --- [main] com.alibaba.nacos.common.remote.client   : [34388bc1-b3bd-4032-bd72-e0a301b9c907] Success to connect to server [172.16.56.130:8848] on start up, connectionId = 1740240990908_172.16.56.1_52709
17:16:31:025  INFO 46700 --- [com.alibaba.nacos.client.remote.worker] com.alibaba.nacos.common.remote.client   : [34388bc1-b3bd-4032-bd72-e0a301b9c907] Notify connected event to listeners.
17:16:31:025  INFO 46700 --- [main] com.alibaba.nacos.common.remote.client   : [34388bc1-b3bd-4032-bd72-e0a301b9c907] Register server push request handler:com.alibaba.nacos.common.remote.client.RpcClient$ConnectResetRequestHandler
17:16:31:025  INFO 46700 --- [main] com.alibaba.nacos.common.remote.client   : [34388bc1-b3bd-4032-bd72-e0a301b9c907] Register server push request handler:com.alibaba.nacos.common.remote.client.RpcClient$$Lambda$913/0x0000008801735738
17:16:31:077  INFO 46700 --- [main] o.s.b.w.embedded.tomcat.TomcatWebServer  : Tomcat started on port(s): 8081 (http) with context path ''
17:16:31:084  INFO 46700 --- [main] c.a.c.n.registry.NacosServiceRegistry    : nacos registry, DEFAULT_GROUP item-service 10.7.74.120:8081 register finished
17:16:31:087  INFO 46700 --- [main] d.s.w.p.DocumentationPluginsBootstrapper : Documentation plugins bootstrapped
17:16:31:088  INFO 46700 --- [main] d.s.w.p.DocumentationPluginsBootstrapper : Found 1 custom documentation plugin(s)
17:16:31:097  INFO 46700 --- [main] s.d.s.w.s.ApiListingReferenceScanner     : Scanning for api listing references
17:16:31:137  INFO 46700 --- [main] com.hmall.item.ItemApplication           : Started ItemApplication in 1.534 seconds (JVM running for 1.78)
17:16:31:616  INFO 46695 --- [nacos-grpc-client-executor-14] com.alibaba.nacos.common.remote.client   : [08262a2a-3ba2-4f1d-ab55-c0b1bbaa80fc] Receive server push request, request = NotifySubscriberRequest, requestId = 6
17:16:31:617  INFO 46695 --- [nacos-grpc-client-executor-14] com.alibaba.nacos.common.remote.client   : [08262a2a-3ba2-4f1d-ab55-c0b1bbaa80fc] Ack server push request, request = NotifySubscriberRequest, requestId = 6
17:16:31:623  INFO 46700 --- [nacos-grpc-client-executor-12] com.alibaba.nacos.common.remote.client   : [34388bc1-b3bd-4032-bd72-e0a301b9c907] Receive server push request, request = NotifySubscriberRequest, requestId = 7
17:16:31:624  INFO 46700 --- [nacos-grpc-client-executor-12] com.alibaba.nacos.common.remote.client   : [34388bc1-b3bd-4032-bd72-e0a301b9c907] Ack server push request, request = NotifySubscriberRequest, requestId = 7
17:18:02:237  WARN 46695 --- [Thread-4] c.a.nacos.common.notify.NotifyCenter     : [NotifyCenter] Start destroying Publisher
17:18:02:236  WARN 46700 --- [Thread-7] c.a.n.common.http.HttpClientBeanHolder   : [HttpClientBeanHolder] Start destroying common HttpClient
17:18:02:236  WARN 46700 --- [Thread-4] c.a.nacos.common.notify.NotifyCenter     : [NotifyCenter] Start destroying Publisher
17:18:02:238  WARN 46695 --- [Thread-4] c.a.nacos.common.notify.NotifyCenter     : [NotifyCenter] Destruction of the end
17:18:02:237  WARN 46695 --- [Thread-7] c.a.n.common.http.HttpClientBeanHolder   : [HttpClientBeanHolder] Start destroying common HttpClient
17:18:02:238  WARN 46700 --- [Thread-4] c.a.nacos.common.notify.NotifyCenter     : [NotifyCenter] Destruction of the end
17:18:02:239  WARN 46695 --- [Thread-7] c.a.n.common.http.HttpClientBeanHolder   : [HttpClientBeanHolder] Destruction of the end
17:18:02:239  WARN 46700 --- [Thread-7] c.a.n.common.http.HttpClientBeanHolder   : [HttpClientBeanHolder] Destruction of the end
17:18:02:265  INFO 46695 --- [SpringApplicationShutdownHook] c.a.c.n.registry.NacosServiceRegistry    : De-registering from Nacos Server now...
17:18:02:265  INFO 46700 --- [SpringApplicationShutdownHook] c.a.c.n.registry.NacosServiceRegistry    : De-registering from Nacos Server now...
17:18:02:271  INFO 46700 --- [SpringApplicationShutdownHook] c.a.c.n.registry.NacosServiceRegistry    : De-registration finished.
17:18:02:276  INFO 46695 --- [SpringApplicationShutdownHook] c.a.c.n.registry.NacosServiceRegistry    : De-registration finished.
17:18:02:581  INFO 46700 --- [SpringApplicationShutdownHook] com.alibaba.nacos.common.remote.client   : Shutdown rpc client, set status to shutdown
17:18:02:582  INFO 46700 --- [SpringApplicationShutdownHook] com.alibaba.nacos.common.remote.client   : Shutdown client event executor java.util.concurrent.ScheduledThreadPoolExecutor@2565ea76[Running, pool size = 2, active threads = 2, queued tasks = 0, completed tasks = 0]
17:18:02:582  INFO 46700 --- [SpringApplicationShutdownHook] com.alibaba.nacos.common.remote.client   : Close current connection 1740240990908_172.16.56.1_52709
17:18:02:584  INFO 46700 --- [SpringApplicationShutdownHook] c.a.n.c.remote.client.grpc.GrpcClient    : Shutdown grpc executor java.util.concurrent.ThreadPoolExecutor@c76614a[Running, pool size = 9, active threads = 0, queued tasks = 0, completed tasks = 57]
17:18:02:593  INFO 46695 --- [SpringApplicationShutdownHook] com.alibaba.nacos.common.remote.client   : Shutdown rpc client, set status to shutdown
17:18:02:593  INFO 46695 --- [SpringApplicationShutdownHook] com.alibaba.nacos.common.remote.client   : Shutdown client event executor java.util.concurrent.ScheduledThreadPoolExecutor@23002672[Running, pool size = 2, active threads = 2, queued tasks = 0, completed tasks = 0]
17:18:02:593  INFO 46695 --- [SpringApplicationShutdownHook] com.alibaba.nacos.common.remote.client   : Close current connection 1740240989950_172.16.56.1_52707
17:18:02:595  INFO 46695 --- [SpringApplicationShutdownHook] c.a.n.c.remote.client.grpc.GrpcClient    : Shutdown grpc executor java.util.concurrent.ThreadPoolExecutor@711b3f25[Running, pool size = 8, active threads = 0, queued tasks = 0, completed tasks = 54]
